#
# There is insufficient memory for the Java Runtime Environment to continue.
# Native memory allocation (mmap) failed to map 264241152 bytes for G1 virtual space
# Possible reasons:
#   The system is out of physical RAM or swap space
#   The process is running with CompressedOops enabled, and the Java Heap may be blocking the growth of the native heap
# Possible solutions:
#   Reduce memory load on the system
#   Increase physical memory or swap space
#   Check if swap backing store is full
#   Decrease Java heap size (-Xmx/-Xms)
#   Decrease number of Java threads
#   Decrease Java thread stack sizes (-Xss)
#   Set larger code cache with -XX:ReservedCodeCacheSize=
#   JVM is running with Zero Based Compressed Oops mode in which the Java heap is
#     placed in the first 32GB address space. The Java Heap base address is the
#     maximum limit for the native heap growth. Please use -XX:HeapBaseMinAddress
#     to set the Java Heap base and to place the Java Heap above 32GB virtual address.
# This output file may be truncated or incomplete.
#
#  Out of Memory Error (os_windows.cpp:3528), pid=19864, tid=19564
#
# JRE version:  (20.0.1+9) (build )
# Java VM: Java HotSpot(TM) 64-Bit Server VM (20.0.1+9-29, mixed mode, sharing, tiered, compressed oops, compressed class ptrs, g1 gc, windows-amd64)
# No core dump will be written. Minidumps are not enabled by default on client versions of Windows
#

---------------  S U M M A R Y ------------

Command Line: -Dfile.encoding=UTF-8 -Dstdout.encoding=UTF-8 -Dstderr.encoding=UTF-8 -XX:+ShowCodeDetailsInExceptionMessages com.example.LoadBalancerSpringBoot.LoadBalancerSpringBootApplication

Host: 12th Gen Intel(R) Core(TM) i5-1235U, 12 cores, 15G,  Windows 11 , 64 bit Build 22621 (10.0.22621.4391)
Time: Wed Jan 29 22:31:47 2025 India Standard Time elapsed time: 0.024294 seconds (0d 0h 0m 0s)

---------------  T H R E A D  ---------------

Current thread (0x0000021fbb0b9950):  JavaThread "Unknown thread" [_thread_in_vm, id=19564, stack(0x000000dd28700000,0x000000dd28800000)]

Stack: [0x000000dd28700000,0x000000dd28800000]
Native frames: (J=compiled Java code, j=interpreted, Vv=VM code, C=native code)
V  [jvm.dll+0x6bb95a]
V  [jvm.dll+0x8485fa]
V  [jvm.dll+0x84a1f5]
V  [jvm.dll+0x84a8f3]
V  [jvm.dll+0x280b0f]
V  [jvm.dll+0x6b86e9]
V  [jvm.dll+0x6ad2da]
V  [jvm.dll+0x35adf5]
V  [jvm.dll+0x363016]
V  [jvm.dll+0x3b3b3e]
V  [jvm.dll+0x3b3dc5]
V  [jvm.dll+0x32b50a]
V  [jvm.dll+0x32c32b]
V  [jvm.dll+0x8112bf]
V  [jvm.dll+0x3c0d91]
V  [jvm.dll+0x7fcfe3]
V  [jvm.dll+0x44c76f]
V  [jvm.dll+0x44e0e1]
C  [jli.dll+0x5287]
C  [ucrtbase.dll+0x29333]
C  [KERNEL32.DLL+0x1259d]
C  [ntdll.dll+0x5af38]


---------------  P R O C E S S  ---------------

Threads class SMR info:
_java_thread_list=0x00007ffadf7ba098, length=0, elements={
}

Java Threads: ( => current thread )

Other Threads:
  0x0000021fbb129620 WorkerThread "GC Thread#0" [stack: 0x000000dd28800000,0x000000dd28900000] [id=3244]
  0x0000021fbb13b010 ConcurrentGCThread "G1 Main Marker" [stack: 0x000000dd28900000,0x000000dd28a00000] [id=22820]
  0x0000021fbb13ba40 WorkerThread "G1 Conc#0" [stack: 0x000000dd28a00000,0x000000dd28b00000] [id=16040]

[error occurred during error reporting (printing all threads), id 0xc0000005, EXCEPTION_ACCESS_VIOLATION (0xc0000005) at pc=0x00007ffadef9eb47]
VM state: not at safepoint (not fully initialized)

VM Mutex/Monitor currently owned by a thread:  ([mutex/lock_event])
[0x0000021fbb0b53f0] Heap_lock - owner thread: 0x0000021fbb0b9950

Heap address: 0x0000000705200000, size: 4014 MB, Compressed Oops mode: Zero based, Oop shift amount: 3

CDS archive(s) mapped at: [0x0000000000000000-0x0000000000000000-0x0000000000000000), size 0, SharedBaseAddress: 0x0000000800000000, ArchiveRelocationMode: 0.
Narrow klass base: 0x0000000000000000, Narrow klass shift: 0, Narrow klass range: 0x0

GC Precious Log:
 CardTable entry size: 512
 Card Set container configuration: InlinePtr #cards 4 size 8 Array Of Cards #cards 16 size 48 Howl #buckets 8 coarsen threshold 3686 Howl Bitmap #cards 512 size 80 coarsen threshold 460 Card regions per heap region 1 cards per card region 4096

Heap:
 garbage-first heap   total 0K, used 0K [0x0000000705200000, 0x0000000800000000)
  region size 2048K, 0 young (0K), 0 survivors (0K)

[error occurred during error reporting (printing heap information), id 0xc0000005, EXCEPTION_ACCESS_VIOLATION (0xc0000005) at pc=0x00007ffadf373c59]
GC Heap History (0 events):
No events

Dll operation events (1 events):
Event: 0.015 Loaded shared library C:\Program Files\Java\jdk-20\bin\java.dll

Deoptimization events (0 events):
No events

Classes loaded (0 events):
No events

Classes unloaded (0 events):
No events

Classes redefined (0 events):
No events

Internal exceptions (0 events):
No events

VM Operations (0 events):
No events

Events (0 events):
No events


Dynamic libraries:
0x00007ff720eb0000 - 0x00007ff720ec0000 	C:\Program Files\Java\jdk-20\bin\javaw.exe
0x00007ffb929f0000 - 0x00007ffb92c07000 	C:\WINDOWS\SYSTEM32\ntdll.dll
0x00007ffb911d0000 - 0x00007ffb91294000 	C:\WINDOWS\System32\KERNEL32.DLL
0x00007ffb90210000 - 0x00007ffb905ca000 	C:\WINDOWS\System32\KERNELBASE.dll
0x00007ffb905d0000 - 0x00007ffb906e1000 	C:\WINDOWS\System32\ucrtbase.dll
0x00007ffb6f9a0000 - 0x00007ffb6f9bb000 	C:\Program Files\Java\jdk-20\bin\VCRUNTIME140.dll
0x00007ffb68d70000 - 0x00007ffb68d89000 	C:\Program Files\Java\jdk-20\bin\jli.dll
0x00007ffb916d0000 - 0x00007ffb91782000 	C:\WINDOWS\System32\ADVAPI32.dll
0x00007ffb907a0000 - 0x00007ffb90847000 	C:\WINDOWS\System32\msvcrt.dll
0x00007ffb91010000 - 0x00007ffb910b7000 	C:\WINDOWS\System32\sechost.dll
0x00007ffb8fe60000 - 0x00007ffb8fe88000 	C:\WINDOWS\System32\bcrypt.dll
0x00007ffb920f0000 - 0x00007ffb92204000 	C:\WINDOWS\System32\RPCRT4.dll
0x00007ffb90850000 - 0x00007ffb909fe000 	C:\WINDOWS\System32\USER32.dll
0x00007ffb8fcc0000 - 0x00007ffb8fce6000 	C:\WINDOWS\System32\win32u.dll
0x00007ffb90f30000 - 0x00007ffb90f59000 	C:\WINDOWS\System32\GDI32.dll
0x00007ffb90030000 - 0x00007ffb9014b000 	C:\WINDOWS\System32\gdi32full.dll
0x00007ffb6bc30000 - 0x00007ffb6bec2000 	C:\WINDOWS\WinSxS\amd64_microsoft.windows.common-controls_6595b64144ccf1df_6.0.22621.4541_none_2710d1c57384c085\COMCTL32.dll
0x00007ffb8ff10000 - 0x00007ffb8ffaa000 	C:\WINDOWS\System32\msvcp_win.dll
0x00007ffb86b10000 - 0x00007ffb86b1a000 	C:\WINDOWS\SYSTEM32\VERSION.dll
0x00007ffb90fd0000 - 0x00007ffb91001000 	C:\WINDOWS\System32\IMM32.DLL
0x00007ffb6f990000 - 0x00007ffb6f99c000 	C:\Program Files\Java\jdk-20\bin\vcruntime140_1.dll
0x00007ffb3bfd0000 - 0x00007ffb3c05e000 	C:\Program Files\Java\jdk-20\bin\msvcp140.dll
0x00007ffadec60000 - 0x00007ffadf8f7000 	C:\Program Files\Java\jdk-20\bin\server\jvm.dll
0x00007ffb8acf0000 - 0x00007ffb8ad24000 	C:\WINDOWS\SYSTEM32\WINMM.dll
0x00007ffb6fb70000 - 0x00007ffb6fb79000 	C:\WINDOWS\SYSTEM32\WSOCK32.dll
0x00007ffb91790000 - 0x00007ffb91801000 	C:\WINDOWS\System32\WS2_32.dll
0x00007ffb8edf0000 - 0x00007ffb8ee08000 	C:\WINDOWS\SYSTEM32\kernel.appcore.dll
0x00007ffb6d780000 - 0x00007ffb6d78a000 	C:\Program Files\Java\jdk-20\bin\jimage.dll
0x00007ffb8d6a0000 - 0x00007ffb8d8d2000 	C:\WINDOWS\SYSTEM32\DBGHELP.DLL
0x00007ffb90b10000 - 0x00007ffb90e9f000 	C:\WINDOWS\System32\combase.dll
0x00007ffb915e0000 - 0x00007ffb916b7000 	C:\WINDOWS\System32\OLEAUT32.dll
0x00007ffb7c300000 - 0x00007ffb7c332000 	C:\WINDOWS\SYSTEM32\dbgcore.DLL
0x00007ffb8ffb0000 - 0x00007ffb9002b000 	C:\WINDOWS\System32\bcryptPrimitives.dll
0x00007ffb4c010000 - 0x00007ffb4c036000 	C:\Program Files\Java\jdk-20\bin\java.dll

dbghelp: loaded successfully - version: 4.0.5 - missing functions: none
symbol engine: initialized successfully - sym options: 0x614 - pdb path: .;C:\Program Files\Java\jdk-20\bin;C:\WINDOWS\SYSTEM32;C:\WINDOWS\WinSxS\amd64_microsoft.windows.common-controls_6595b64144ccf1df_6.0.22621.4541_none_2710d1c57384c085;C:\Program Files\Java\jdk-20\bin\server

VM Arguments:
jvm_args: -Dfile.encoding=UTF-8 -Dstdout.encoding=UTF-8 -Dstderr.encoding=UTF-8 -XX:+ShowCodeDetailsInExceptionMessages 
java_command: com.example.LoadBalancerSpringBoot.LoadBalancerSpringBootApplication
java_class_path (initial): D:\LoadBalancerVisulization\target\classes;C:\Users\Disha\.m2\repository\org\springframework\boot\spring-boot-starter-actuator\3.4.1\spring-boot-starter-actuator-3.4.1.jar;C:\Users\Disha\.m2\repository\org\springframework\boot\spring-boot-starter\3.4.1\spring-boot-starter-3.4.1.jar;C:\Users\Disha\.m2\repository\org\springframework\boot\spring-boot-starter-logging\3.4.1\spring-boot-starter-logging-3.4.1.jar;C:\Users\Disha\.m2\repository\ch\qos\logback\logback-classic\1.5.12\logback-classic-1.5.12.jar;C:\Users\Disha\.m2\repository\ch\qos\logback\logback-core\1.5.12\logback-core-1.5.12.jar;C:\Users\Disha\.m2\repository\org\apache\logging\log4j\log4j-to-slf4j\2.24.3\log4j-to-slf4j-2.24.3.jar;C:\Users\Disha\.m2\repository\org\apache\logging\log4j\log4j-api\2.24.3\log4j-api-2.24.3.jar;C:\Users\Disha\.m2\repository\org\slf4j\jul-to-slf4j\2.0.16\jul-to-slf4j-2.0.16.jar;C:\Users\Disha\.m2\repository\jakarta\annotation\jakarta.annotation-api\2.1.1\jakarta.annotation-api-2.1.1.jar;C:\Users\Disha\.m2\repository\org\yaml\snakeyaml\2.3\snakeyaml-2.3.jar;C:\Users\Disha\.m2\repository\org\springframework\boot\spring-boot-actuator-autoconfigure\3.4.1\spring-boot-actuator-autoconfigure-3.4.1.jar;C:\Users\Disha\.m2\repository\org\springframework\boot\spring-boot-actuator\3.4.1\spring-boot-actuator-3.4.1.jar;C:\Users\Disha\.m2\repository\com\fasterxml\jackson\core\jackson-databind\2.18.2\jackson-databind-2.18.2.jar;C:\Users\Disha\.m2\repository\com\fasterxml\jackson\core\jackson-annotations\2.18.2\jackson-annotations-2.18.2.jar;C:\Users\Disha\.m2\repository\com\fasterxml\jackson\core\jackson-core\2.18.2\jackson-core-2.18.2.jar;C:\Users\Disha\.m2\repository\com\fasterxml\jackson\datatype\jackson-datatype-jsr310\2.18.2\jackson-datatype-jsr310-2.18.2.jar;C:\Users\Disha\.m2\repository\io\micrometer\micrometer-observation\1.14.2\micrometer-observation-1.14.2.jar;C:\Users\Disha\.m2\repository\io\micrometer\micrometer-commons\1.14.2\micrometer-commons-1.14.2.jar;C:\Users\Disha\.m2\repository\io\micrometer\micrometer-jakarta9\1.14.2\micrometer-jakarta9-1.14.2.jar;C:\Users\Disha\.m2\repository\io\micrometer\micrometer-core\1.14.2\micrometer-core-1.14.2.jar;C:\Users\Disha\.m2\repository\org\hdrhistogram\HdrHistogram\2.2.2\HdrHistogram-2.2.2.jar;C:\Users\Disha\.m2\repository\org\latencyutils\LatencyUtils\2.0.3\LatencyUtils-2.0.3.jar;C:\Users\Disha\.m2\repository\org\springframework\boot\spring-boot-starter-web\3.4.1\spring-boot-starter-web-3.4.1.jar;C:\Users\Disha\.m2\repository\org\springframework\boot\spring-boot-starter-json\3.4.1\spring-boot-starter-json-3.4.1.jar;C:\Users\Disha\.m2\repository\com\fasterxml\jackson\datatype\jackson-datatype-jdk8\2.18.2\jackson-datatype-jdk8-2.18.2.jar;C:\Users\Disha\.m2\repository\com\fasterxml\jackson\module\jackson-module-parameter-names\2.18.2\jackson-module-parameter-names-2.18.2.jar;C:\Users\Disha\.m2\repository\org\springframework\boot\spring-boot-starter-tomcat\3.4.1\spring-boot-starter-tomcat-3.4.1.jar;C:\Users\Disha\.m2\repository\org\apache\tomcat\embed\tomcat-embed-core\10.1.34\tomcat-embed-core-10.1.34.jar;C:\Users\Disha\.m2\repository\org\apache\tomcat\embed\tomcat-embed-el\10.1.34\tomcat-embed-el-10.1.34.jar;C:\Users\Disha\.m2\repository\org\apache\tomcat\embed\tomcat-embed-websocket\10.1.34\tomcat-embed-websocket-10.1.34.jar;C:\Users\Disha\.m2\repository\org\springframework\spring-web\6.2.1\spring-web-6.2.1.jar;C:\Users\Disha\.m2\repository\org\springframework\spring-beans\6.2.1\spring-beans-6.2.1.jar;C:\Users\Disha\.m2\repository\org\springframework\spring-webmvc\6.2.1\spring-webmvc-6.2.1.jar;C:\Users\Disha\.m2\repository\org\springframework\spring-aop\6.2.1\spring-aop-6.2.1.jar;C:\Users\Disha\.m2\repository\org\springframework\spring-context\6.2.1\spring-context-6.2.1.jar;C:\Users\Disha\.m2\repository\org\springframework\spring-expression\6.2.1\spring-expression-6.2.1.jar;C:\Users\Disha\.m2\repository\org\springframework\boot\spring-boot-devtools\3.4.1\spring-boot-devtools-3.4.1.jar;C:\Users\Disha\.m2\repository\org\springframework\boot\spring-boot\3.4.1\spring-boot-3.4.1.jar;C:\Users\Disha\.m2\repository\org\springframework\boot\spring-boot-autoconfigure\3.4.1\spring-boot-autoconfigure-3.4.1.jar;C:\Users\Disha\.m2\repository\org\slf4j\slf4j-api\2.0.16\slf4j-api-2.0.16.jar;C:\Users\Disha\.m2\repository\org\springframework\spring-core\6.2.1\spring-core-6.2.1.jar;C:\Users\Disha\.m2\repository\org\springframework\spring-jcl\6.2.1\spring-jcl-6.2.1.jar
Launcher Type: SUN_STANDARD

[Global flags]
     intx CICompilerCount                          = 4                                         {product} {ergonomic}
     uint ConcGCThreads                            = 3                                         {product} {ergonomic}
     uint G1ConcRefinementThreads                  = 10                                        {product} {ergonomic}
   size_t G1HeapRegionSize                         = 2097152                                   {product} {ergonomic}
    uintx GCDrainStackTargetSize                   = 64                                        {product} {ergonomic}
   size_t InitialHeapSize                          = 264241152                                 {product} {ergonomic}
   size_t MarkStackSize                            = 4194304                                   {product} {ergonomic}
   size_t MaxHeapSize                              = 4208984064                                {product} {ergonomic}
   size_t MinHeapDeltaBytes                        = 2097152                                   {product} {ergonomic}
   size_t MinHeapSize                              = 8388608                                   {product} {ergonomic}
    uintx NonNMethodCodeHeapSize                   = 5839372                                {pd product} {ergonomic}
    uintx NonProfiledCodeHeapSize                  = 122909434                              {pd product} {ergonomic}
    uintx ProfiledCodeHeapSize                     = 122909434                              {pd product} {ergonomic}
    uintx ReservedCodeCacheSize                    = 251658240                              {pd product} {ergonomic}
     bool SegmentedCodeCache                       = true                                      {product} {ergonomic}
     bool ShowCodeDetailsInExceptionMessages       = true                                   {manageable} {command line}
   size_t SoftMaxHeapSize                          = 4208984064                             {manageable} {ergonomic}
     bool UseCompressedClassPointers               = true                           {product lp64_product} {ergonomic}
     bool UseCompressedOops                        = true                           {product lp64_product} {ergonomic}
     bool UseG1GC                                  = true                                      {product} {ergonomic}
     bool UseLargePagesIndividualAllocation        = false                                  {pd product} {ergonomic}

Logging:
Log output configuration:
 #0: stdout all=warning uptime,level,tags foldmultilines=false
 #1: stderr all=off uptime,level,tags foldmultilines=false

Environment Variables:
JAVA_HOME=C:\Program Files\Java\jdk-20
PATH=C:\Program Files\Common Files\Oracle\Java\javapath;C:\windows\system32;C:\windows;C:\windows\System32\Wbem;C:\windows\System32\WindowsPowerShell\v1.0\;C:\windows\System32\OpenSSH\;C:\Program Files (x86)\NVIDIA Corporation\PhysX\Common;C:\Program Files\NVIDIA Corporation\NVIDIA NvDLISR;C:\MinGW\bin;C:\Program Files\Java\jdk-20\bin;C:\WINDOWS\system32;C:\WINDOWS;C:\WINDOWS\System32\Wbem;C:\WINDOWS\System32\WindowsPowerShell\v1.0\;C:\WINDOWS\System32\OpenSSH\;C:\Program Files\Git\cmd;C:\ProgramData\chocolatey\bin;C:\Program Files\HP\HP One Agent;C:\Program Files\Microsoft SQL Server\150\Tools\Binn\;C:\Program Files\Microsoft SQL Server\Client SDK\ODBC\170\Tools\Binn\;C:\Program Files\nodejs\;C:\Program Files (x86)\Microsoft SQL Server\160\Tools\Binn\;C:\Program Files\Microsoft SQL Server\160\Tools\Binn\;C:\Program Files\Microsoft SQL Server\160\DTS\Binn\;C:\Program Files (x86)\Microsoft SQL Server\160\DTS\Binn\;C:\Program Files\dotnet\;C:\Program Files\Go\bin;C:\Users\Disha\anaconda3;C:\Users\Disha\anaconda3\Library\mingw-w64\bin;C:\Users\Disha\anaconda3\Library\usr\bin;C:\Users\Disha\anaconda3\Library\bin;C:\Users\Disha\anaconda3\Scripts;C:\Users\Disha\AppData\Local\Programs\Python\Python312\Scripts\;C:\Users\Disha\AppData\Local\Programs\Python\Python312\;C:\Users\Disha\AppData\Local\Programs\Python\Launcher\;C:\Program Files\Common Files\Oracle\Java\javapath;C:\windows\system32;C:\windows;C:\windows\System32\Wbem;C:\windows\System32\WindowsPowerShell\v1.0\;C:\windows\System32\OpenSSH\;C:\Program Files (x86)\NVIDIA Corporation\PhysX\Common;C:\Program Files\NVIDIA Corporation\NVIDIA NvDLISR;C:\MinGW\bin;C:\Program Files\Java\jdk-19\bin;C:\WINDOWS\system32;C:\WINDOWS;C:\WINDOWS\System32\Wbem;C:\WINDOWS\System32\WindowsPowerShell\v1.0\;C:\WINDOWS\System32\OpenSSH\;C:\Program Files\Git\cmd;C:\Program Files (x86)\Windows Kits\10\Windows Performance Toolkit\;C:\Program Files\nodejs\;C:\Users\Disha\AppData\Local\Microsoft\WindowsApps;C:\Users\Disha\AppData\Local\Programs\Microsoft VS Code\bin;C:\MinGW\mingw32\bin;C:\Program Files\JetBrains\IntelliJ IDEA Community Edition 2023.1.2\bin;C:\Python34\Scripts;C:\dart-sdk\bin;C:\Users\Disha\.dotnet\tools;C:\Program Files\Apache\Maven\apache-maven-3.9.8\bin;C:\flutter\bin;C:\Program Files\Java\jdk-20\bin;C:\Users\Disha\AppData\Local\Pub\Cache\bin;C:\Users\Disha\AppData\Roaming\npm;C:\Users\Disha\go\bin
USERNAME=Disha
OS=Windows_NT
PROCESSOR_IDENTIFIER=Intel64 Family 6 Model 154 Stepping 4, GenuineIntel
TMP=C:\Users\Disha\AppData\Local\Temp
TEMP=C:\Users\Disha\AppData\Local\Temp




---------------  S Y S T E M  ---------------

OS:
 Windows 11 , 64 bit Build 22621 (10.0.22621.4391)
OS uptime: 0 days 3:50 hours

CPU: total 12 (initial active 12) (12 cores per cpu, 1 threads per core) family 6 model 154 stepping 4 microcode 0x432, cx8, cmov, fxsr, mmx, 3dnowpref, sse, sse2, sse3, ssse3, sse4.1, sse4.2, popcnt, lzcnt, tsc, tscinvbit, avx, avx2, aes, erms, clmul, bmi1, bmi2, adx, sha, fma, vzeroupper, clflush, clflushopt, clwb, serialize, rdtscp, rdpid, fsrm, f16c, pku, cet_ibt, cet_ss

Memory: 4k page, system-wide physical 16052M (3495M free)
TotalPageFile size 16052M (AvailPageFile size 94M)
current process WorkingSet (physical memory assigned to process): 11M, peak: 11M
current process commit charge ("private bytes"): 64M, peak: 316M

vm_info: Java HotSpot(TM) 64-Bit Server VM (20.0.1+9-29) for windows-amd64 JRE (20.0.1+9-29), built on 2023-03-07T13:56:11Z by "mach5one" with MS VC++ 17.1 (VS2022)

END.
