#
# There is insufficient memory for the Java Runtime Environment to continue.
# Native memory allocation (malloc) failed to allocate 1662736 bytes. Error detail: Chunk::new
# Possible reasons:
#   The system is out of physical RAM or swap space
#   This process is running with CompressedOops enabled, and the Java Heap may be blocking the growth of the native heap
# Possible solutions:
#   Reduce memory load on the system
#   Increase physical memory or swap space
#   Check if swap backing store is full
#   Decrease Java heap size (-Xmx/-Xms)
#   Decrease number of Java threads
#   Decrease Java thread stack sizes (-Xss)
#   Set larger code cache with -XX:ReservedCodeCacheSize=
#   JVM is running with Unscaled Compressed Oops mode in which the Java heap is
#     placed in the first 4GB address space. The Java Heap base address is the
#     maximum limit for the native heap growth. Please use -XX:HeapBaseMinAddress
#     to set the Java Heap base and to place the Java Heap above 4GB virtual address.
# This output file may be truncated or incomplete.
#
#  Out of Memory Error (arena.cpp:168), pid=11288, tid=31636
#
# JRE version: OpenJDK Runtime Environment Temurin-21.0.5+11 (21.0.5+11) (build 21.0.5+11-LTS)
# Java VM: OpenJDK 64-Bit Server VM Temurin-21.0.5+11 (21.0.5+11-LTS, mixed mode, sharing, tiered, compressed oops, compressed class ptrs, parallel gc, windows-amd64)
# No core dump will be written. Minidumps are not enabled by default on client versions of Windows
#

---------------  S U M M A R Y ------------

Command Line: --add-modules=ALL-SYSTEM --add-opens=java.base/java.util=ALL-UNNAMED --add-opens=java.base/java.lang=ALL-UNNAMED --add-opens=java.base/sun.nio.fs=ALL-UNNAMED -Declipse.application=org.eclipse.jdt.ls.core.id1 -Dosgi.bundles.defaultStartLevel=4 -Declipse.product=org.eclipse.jdt.ls.core.product -Djava.import.generatesMetadataFilesAtProjectRoot=false -DDetectVMInstallationsJob.disabled=true -Dfile.encoding=utf8 -XX:+UseParallelGC -XX:GCTimeRatio=4 -XX:AdaptiveSizePolicyWeight=90 -Dsun.zip.disableMemoryMapping=true -Xmx1G -Xms100m -Xlog:disable -javaagent:c:\Users\Disha\.vscode\extensions\redhat.java-1.39.0-win32-x64\lombok\lombok-1.18.34.jar -XX:+HeapDumpOnOutOfMemoryError -XX:HeapDumpPath=c:\Users\Disha\AppData\Roaming\Code\User\workspaceStorage\de8299c0dcd8de64d39b28a36b85e68e\redhat.java -Daether.dependencyCollector.impl=bf c:\Users\Disha\.vscode\extensions\redhat.java-1.39.0-win32-x64\server\plugins\org.eclipse.equinox.launcher_1.6.900.v20240613-2009.jar -configuration c:\Users\Disha\AppData\Roaming\Code\User\globalStorage\redhat.java\1.39.0\config_win -data c:\Users\Disha\AppData\Roaming\Code\User\workspaceStorage\de8299c0dcd8de64d39b28a36b85e68e\redhat.java\jdt_ws --pipe=\\.\pipe\lsp-c211ada6ed37058df8666f3a1ce92085-sock

Host: 12th Gen Intel(R) Core(TM) i5-1235U, 12 cores, 15G,  Windows 11 , 64 bit Build 22621 (10.0.22621.4391)
Time: Sun Feb  9 10:17:36 2025 India Standard Time elapsed time: 36.064803 seconds (0d 0h 0m 36s)

---------------  T H R E A D  ---------------

Current thread (0x000002775765cb30):  JavaThread "C2 CompilerThread0" daemon [_thread_in_native, id=31636, stack(0x00000090c3f00000,0x00000090c4000000) (1024K)]


Current CompileTask:
C2:36065 11528 % !   4       org.eclipse.jdt.internal.compiler.classfmt.ClassFileReader::<init> @ 81 (2135 bytes)

Stack: [0x00000090c3f00000,0x00000090c4000000]
Native frames: (J=compiled Java code, j=interpreted, Vv=VM code, C=native code)
V  [jvm.dll+0x6cd4e9]
V  [jvm.dll+0x8a7941]
V  [jvm.dll+0x8a9e6e]
V  [jvm.dll+0x8aa543]
V  [jvm.dll+0x27f6d6]
V  [jvm.dll+0xc500d]
V  [jvm.dll+0xc5543]
V  [jvm.dll+0x3b65d2]
V  [jvm.dll+0x1dfdf3]
V  [jvm.dll+0x247b22]
V  [jvm.dll+0x246faf]
V  [jvm.dll+0x1c75ce]
V  [jvm.dll+0x25682a]
V  [jvm.dll+0x254dca]
V  [jvm.dll+0x3f00d6]
V  [jvm.dll+0x8514fb]
V  [jvm.dll+0x6cbbed]
C  [ucrtbase.dll+0x29333]
C  [KERNEL32.DLL+0x1259d]
C  [ntdll.dll+0x5af38]


---------------  P R O C E S S  ---------------

Threads class SMR info:
_java_thread_list=0x0000027760986370, length=76, elements={
0x000002777eae1470, 0x000002771448e900, 0x0000027757655330, 0x00000277576565d0,
0x00000277576574e0, 0x00000277576592a0, 0x000002775765bd00, 0x000002775765cb30,
0x0000027757681550, 0x0000027757762da0, 0x00000277579ae950, 0x000002775c58d410,
0x000002775c2e3560, 0x000002775ca75810, 0x000002775c97e5b0, 0x000002775d1e1810,
0x000002775cf540c0, 0x000002775777e900, 0x000002775777dbe0, 0x000002775777e270,
0x000002775777b480, 0x000002775777bb10, 0x000002775777cec0, 0x000002775777c830,
0x000002775777c1a0, 0x000002775777d550, 0x000002775f72ab40, 0x000002775f729790,
0x000002775f72c580, 0x000002775f72e650, 0x000002775f72d2a0, 0x000002775f7283e0,
0x000002775f72b1d0, 0x000002775f729100, 0x000002775f728a70, 0x000002775f72cc10,
0x000002775f72bef0, 0x000002775f729e20, 0x000002775f72ece0, 0x000002775f72b860,
0x000002775f72a4b0, 0x000002775f72d930, 0x000002775f72dfc0, 0x000002775f72fa00,
0x000002776006ebb0, 0x000002776006f240, 0x0000027760074100, 0x0000027760074e20,
0x00000277600761d0, 0x00000277600754b0, 0x000002776006f8d0, 0x0000027760072030,
0x000002776006ff60, 0x0000027760071310, 0x0000027760072d50, 0x00000277600705f0,
0x0000027760070c80, 0x0000027760074790, 0x0000027760073a70, 0x0000027760075b40,
0x00000277600719a0, 0x00000277600733e0, 0x00000277600726c0, 0x000002775c3306d0,
0x000002775c32c530, 0x000002775c32f9b0, 0x000002775c32bea0, 0x000002775c32cbc0,
0x000002775c3313f0, 0x000002775c3334c0, 0x000002775c32df70, 0x000002775c32d250,
0x000002775c331a80, 0x000002775c32d8e0, 0x000002775c330d60, 0x000002775c32e600
}

Java Threads: ( => current thread )
  0x000002777eae1470 JavaThread "main"                              [_thread_blocked, id=10348, stack(0x00000090c3500000,0x00000090c3600000) (1024K)]
  0x000002771448e900 JavaThread "Reference Handler"          daemon [_thread_blocked, id=11128, stack(0x00000090c3900000,0x00000090c3a00000) (1024K)]
  0x0000027757655330 JavaThread "Finalizer"                  daemon [_thread_blocked, id=23580, stack(0x00000090c3a00000,0x00000090c3b00000) (1024K)]
  0x00000277576565d0 JavaThread "Signal Dispatcher"          daemon [_thread_blocked, id=21516, stack(0x00000090c3b00000,0x00000090c3c00000) (1024K)]
  0x00000277576574e0 JavaThread "Attach Listener"            daemon [_thread_blocked, id=19308, stack(0x00000090c3c00000,0x00000090c3d00000) (1024K)]
  0x00000277576592a0 JavaThread "Service Thread"             daemon [_thread_blocked, id=25692, stack(0x00000090c3d00000,0x00000090c3e00000) (1024K)]
  0x000002775765bd00 JavaThread "Monitor Deflation Thread"   daemon [_thread_blocked, id=3960, stack(0x00000090c3e00000,0x00000090c3f00000) (1024K)]
=>0x000002775765cb30 JavaThread "C2 CompilerThread0"         daemon [_thread_in_native, id=31636, stack(0x00000090c3f00000,0x00000090c4000000) (1024K)]
  0x0000027757681550 JavaThread "C1 CompilerThread0"         daemon [_thread_blocked, id=27388, stack(0x00000090c4000000,0x00000090c4100000) (1024K)]
  0x0000027757762da0 JavaThread "Common-Cleaner"             daemon [_thread_blocked, id=22756, stack(0x00000090c4100000,0x00000090c4200000) (1024K)]
  0x00000277579ae950 JavaThread "Notification Thread"        daemon [_thread_blocked, id=29092, stack(0x00000090c4200000,0x00000090c4300000) (1024K)]
  0x000002775c58d410 JavaThread "Active Thread: Equinox Container: 9c63f2bd-1950-43b4-a5eb-b59205a325de"        [_thread_blocked, id=16356, stack(0x00000090c4b00000,0x00000090c4c00000) (1024K)]
  0x000002775c2e3560 JavaThread "Refresh Thread: Equinox Container: 9c63f2bd-1950-43b4-a5eb-b59205a325de" daemon [_thread_blocked, id=11756, stack(0x00000090c4c00000,0x00000090c4d00000) (1024K)]
  0x000002775ca75810 JavaThread "Framework Event Dispatcher: Equinox Container: 9c63f2bd-1950-43b4-a5eb-b59205a325de" daemon [_thread_blocked, id=2572, stack(0x00000090c4d00000,0x00000090c4e00000) (1024K)]
  0x000002775c97e5b0 JavaThread "Start Level: Equinox Container: 9c63f2bd-1950-43b4-a5eb-b59205a325de" daemon [_thread_blocked, id=16948, stack(0x00000090c4e00000,0x00000090c4f00000) (1024K)]
  0x000002775d1e1810 JavaThread "Bundle File Closer"         daemon [_thread_blocked, id=15732, stack(0x00000090c5000000,0x00000090c5100000) (1024K)]
  0x000002775cf540c0 JavaThread "SCR Component Actor"        daemon [_thread_blocked, id=23936, stack(0x00000090c5300000,0x00000090c5400000) (1024K)]
  0x000002775777e900 JavaThread "Worker-JM"                         [_thread_blocked, id=31844, stack(0x00000090c4400000,0x00000090c4500000) (1024K)]
  0x000002775777dbe0 JavaThread "JNA Cleaner"                daemon [_thread_blocked, id=27100, stack(0x00000090c4300000,0x00000090c4400000) (1024K)]
  0x000002775777e270 JavaThread "Worker-0"                          [_thread_blocked, id=21064, stack(0x00000090c5500000,0x00000090c5600000) (1024K)]
  0x000002775777b480 JavaThread "Worker-1"                          [_thread_blocked, id=3924, stack(0x00000090c5600000,0x00000090c5700000) (1024K)]
  0x000002775777bb10 JavaThread "Java indexing"              daemon [_thread_blocked, id=22416, stack(0x00000090c5800000,0x00000090c5900000) (1024K)]
  0x000002775777cec0 JavaThread "Worker-2"                          [_thread_blocked, id=25532, stack(0x00000090c5a00000,0x00000090c5b00000) (1024K)]
  0x000002775777c830 
[error occurred during error reporting (printing all threads), id 0xc0000005, EXCEPTION_ACCESS_VIOLATION (0xc0000005) at pc=0x00007ffaf4770e42]
VM state: at safepoint (normal execution)

VM Mutex/Monitor currently owned by a thread:  ([mutex/lock_event])
[0x00007ffaf503d380] Threads_lock - owner thread: 0x0000027714475880
[0x00007ffaf503d480] Heap_lock - owner thread: 0x000002775777bb10

Heap address: 0x00000000c0000000, size: 1024 MB, Compressed Oops mode: 32-bit

CDS archive(s) mapped at: [0x0000027715000000-0x0000027715ba0000-0x0000027715ba0000), size 12189696, SharedBaseAddress: 0x0000027715000000, ArchiveRelocationMode: 1.
Compressed class space mapped at: 0x0000027716000000-0x0000027756000000, reserved size: 1073741824
Narrow klass base: 0x0000027715000000, Narrow klass shift: 0, Narrow klass range: 0x100000000

GC Precious Log:
 CardTable entry size: 512
 CPUs: 12 total, 12 available
 Memory: 16052M
 Large Page Support: Disabled
 NUMA Support: Disabled
 Compressed Oops: Enabled (32-bit)
 Alignments: Space 512K, Generation 512K, Heap 2M
 Heap Min Capacity: 100M
 Heap Initial Capacity: 100M
 Heap Max Capacity: 1G
 Pre-touch: Disabled
 Parallel Workers: 10

Heap:
 PSYoungGen      total 4096K, used 3596K [0x00000000eab00000, 0x00000000eb000000, 0x0000000100000000)
  eden space 3072K, 100% used [0x00000000eab00000,0x00000000eae00000,0x00000000eae00000)
  from space 1024K, 51% used [0x00000000eae00000,0x00000000eae83008,0x00000000eaf00000)
  to   space 1024K, 56% used [0x00000000eaf00000,0x00000000eaf90000,0x00000000eb000000)
 ParOldGen       total 461824K, used 461626K [0x00000000c0000000, 0x00000000dc300000, 0x00000000eab00000)
  object space 461824K, 99% used [0x00000000c0000000,0x00000000dc2ce940,0x00000000dc300000)
 Metaspace       used 61640K, committed 63040K, reserved 1114112K
  class space    used 6372K, committed 6976K, reserved 1048576K

Card table byte_map: [0x000002777e480000,0x000002777e690000] _byte_map_base: 0x000002777de80000

Marking Bits: (ParMarkBitMap*) 0x00007ffaf5042250
 Begin Bits: [0x0000027712290000, 0x0000027713290000)
 End Bits:   [0x0000027713290000, 0x0000027714290000)

Polling page: 0x000002777c840000

Metaspace:

Usage:
  Non-class:     53.97 MB used.
      Class:      6.22 MB used.
       Both:     60.20 MB used.

Virtual space:
  Non-class space:       64.00 MB reserved,      54.75 MB ( 86%) committed,  1 nodes.
      Class space:        1.00 GB reserved,       6.81 MB ( <1%) committed,  1 nodes.
             Both:        1.06 GB reserved,      61.56 MB (  6%) committed. 

Chunk freelists:
   Non-Class:  8.31 MB
       Class:  9.20 MB
        Both:  17.52 MB

MaxMetaspaceSize: unlimited
CompressedClassSpaceSize: 1.00 GB
Initial GC threshold: 21.00 MB
Current GC threshold: 97.31 MB
CDS: on
 - commit_granule_bytes: 65536.
 - commit_granule_words: 8192.
 - virtual_space_node_default_size: 8388608.
 - enlarge_chunks_in_place: 1.
 - use_allocation_guard: 0.


Internal statistics:

num_allocs_failed_limit: 9.
num_arena_births: 1090.
num_arena_deaths: 18.
num_vsnodes_births: 2.
num_vsnodes_deaths: 0.
num_space_committed: 985.
num_space_uncommitted: 0.
num_chunks_returned_to_freelist: 29.
num_chunks_taken_from_freelist: 4054.
num_chunk_merges: 17.
num_chunk_splits: 2445.
num_chunks_enlarged: 1300.
num_inconsistent_stats: 0.

CodeHeap 'non-profiled nmethods': size=120000Kb used=7529Kb max_used=8604Kb free=112470Kb
 bounds [0x000002770ad60000, 0x000002770b5d0000, 0x0000027712290000]
CodeHeap 'profiled nmethods': size=120000Kb used=18242Kb max_used=22291Kb free=101757Kb
 bounds [0x0000027703290000, 0x0000027704860000, 0x000002770a7c0000]
CodeHeap 'non-nmethods': size=5760Kb used=1423Kb max_used=1494Kb free=4336Kb
 bounds [0x000002770a7c0000, 0x000002770aa30000, 0x000002770ad60000]
 total_blobs=10168 nmethods=9432 adapters=642
 compilation: enabled
              stopped_count=0, restarted_count=0
 full_count=0

Compilation events (20 events):
Event: 35.095 Thread 0x0000027757681550 nmethod 11526 0x0000027704849f10 code [0x000002770484a120, 0x000002770484a520]
Event: 35.095 Thread 0x0000027757681550 11527       3       com.google.gson.stream.JsonWriter::endObject (9 bytes)
Event: 35.096 Thread 0x0000027757681550 nmethod 11527 0x000002770484a710 code [0x000002770484a8c0, 0x000002770484aa10]
Event: 35.187 Thread 0x000002775765cb30 11528 % !   4       org.eclipse.jdt.internal.compiler.classfmt.ClassFileReader::<init> @ 81 (2135 bytes)
Event: 35.187 Thread 0x0000027757681550 11529       3       org.eclipse.jdt.internal.compiler.classfmt.AnnotationInfo::readRetentionPolicy (302 bytes)
Event: 35.189 Thread 0x0000027757681550 nmethod 11529 0x000002770484aa90 code [0x000002770484ad20, 0x000002770484bd00]
Event: 35.605 Thread 0x0000027757681550 11531       3       org.eclipse.jdt.internal.compiler.util.HashtableOfIntValues::put (113 bytes)
Event: 35.606 Thread 0x0000027757681550 nmethod 11531 0x000002770484c310 code [0x000002770484c520, 0x000002770484cba0]
Event: 35.665 Thread 0x0000027757681550 11532       3       org.eclipse.core.runtime.jobs.Job::getName (5 bytes)
Event: 35.665 Thread 0x0000027757681550 nmethod 11532 0x000002770484cf10 code [0x000002770484d0a0, 0x000002770484d1c0]
Event: 35.713 Thread 0x0000027757681550 11533       3       sun.nio.ch.AsynchronousFileChannelImpl::isOpen (13 bytes)
Event: 35.713 Thread 0x0000027757681550 nmethod 11533 0x000002770484d290 code [0x000002770484d420, 0x000002770484d580]
Event: 35.713 Thread 0x0000027757681550 11534       3       sun.nio.ch.PendingFuture::<init> (20 bytes)
Event: 35.713 Thread 0x0000027757681550 nmethod 11534 0x000002770484d610 code [0x000002770484d7c0, 0x000002770484d968]
Event: 35.713 Thread 0x0000027757681550 11535       3       java.nio.DirectByteBuffer::address (42 bytes)
Event: 35.714 Thread 0x0000027757681550 nmethod 11535 0x000002770484da10 code [0x000002770484dc20, 0x000002770484e2e0]
Event: 35.956 Thread 0x0000027757681550 11537       3       org.eclipse.jdt.internal.core.search.indexing.BinaryIndexer::addBinaryRetentionAnnotation (74 bytes)
Event: 35.958 Thread 0x0000027757681550 nmethod 11537 0x000002770484e490 code [0x000002770484e740, 0x000002770484f808]
Event: 35.972 Thread 0x0000027757681550 11538       3       org.eclipse.jdt.internal.core.search.indexing.BinaryIndexer::addBinaryTargetAnnotation (349 bytes)
Event: 35.977 Thread 0x0000027757681550 nmethod 11538 0x000002770484fd10 code [0x00000277048502c0, 0x0000027704853c50]

GC Heap History (20 events):
Event: 35.868 GC heap after
{Heap after GC invocations=612 (full 3):
 PSYoungGen      total 2560K, used 507K [0x00000000eab00000, 0x00000000eaf00000, 0x0000000100000000)
  eden space 2048K, 0% used [0x00000000eab00000,0x00000000eab00000,0x00000000ead00000)
  from space 512K, 99% used [0x00000000eae00000,0x00000000eae7ec08,0x00000000eae80000)
  to   space 512K, 0% used [0x00000000eae80000,0x00000000eae80000,0x00000000eaf00000)
 ParOldGen       total 459264K, used 458765K [0x00000000c0000000, 0x00000000dc080000, 0x00000000eab00000)
  object space 459264K, 99% used [0x00000000c0000000,0x00000000dc003528,0x00000000dc080000)
 Metaspace       used 61640K, committed 63040K, reserved 1114112K
  class space    used 6372K, committed 6976K, reserved 1048576K
}
Event: 35.880 GC heap before
{Heap before GC invocations=613 (full 3):
 PSYoungGen      total 2560K, used 2555K [0x00000000eab00000, 0x00000000eaf00000, 0x0000000100000000)
  eden space 2048K, 100% used [0x00000000eab00000,0x00000000ead00000,0x00000000ead00000)
  from space 512K, 99% used [0x00000000eae00000,0x00000000eae7ec08,0x00000000eae80000)
  to   space 512K, 0% used [0x00000000eae80000,0x00000000eae80000,0x00000000eaf00000)
 ParOldGen       total 459264K, used 458765K [0x00000000c0000000, 0x00000000dc080000, 0x00000000eab00000)
  object space 459264K, 99% used [0x00000000c0000000,0x00000000dc003528,0x00000000dc080000)
 Metaspace       used 61640K, committed 63040K, reserved 1114112K
  class space    used 6372K, committed 6976K, reserved 1048576K
}
Event: 35.882 GC heap after
{Heap after GC invocations=613 (full 3):
 PSYoungGen      total 2560K, used 320K [0x00000000eab00000, 0x00000000eaf00000, 0x0000000100000000)
  eden space 2048K, 0% used [0x00000000eab00000,0x00000000eab00000,0x00000000ead00000)
  from space 512K, 62% used [0x00000000eae80000,0x00000000eaed0000,0x00000000eaf00000)
  to   space 512K, 0% used [0x00000000eae00000,0x00000000eae00000,0x00000000eae80000)
 ParOldGen       total 459264K, used 459056K [0x00000000c0000000, 0x00000000dc080000, 0x00000000eab00000)
  object space 459264K, 99% used [0x00000000c0000000,0x00000000dc04c130,0x00000000dc080000)
 Metaspace       used 61640K, committed 63040K, reserved 1114112K
  class space    used 6372K, committed 6976K, reserved 1048576K
}
Event: 35.893 GC heap before
{Heap before GC invocations=614 (full 3):
 PSYoungGen      total 2560K, used 2368K [0x00000000eab00000, 0x00000000eaf00000, 0x0000000100000000)
  eden space 2048K, 100% used [0x00000000eab00000,0x00000000ead00000,0x00000000ead00000)
  from space 512K, 62% used [0x00000000eae80000,0x00000000eaed0000,0x00000000eaf00000)
  to   space 512K, 0% used [0x00000000eae00000,0x00000000eae00000,0x00000000eae80000)
 ParOldGen       total 459264K, used 459056K [0x00000000c0000000, 0x00000000dc080000, 0x00000000eab00000)
  object space 459264K, 99% used [0x00000000c0000000,0x00000000dc04c130,0x00000000dc080000)
 Metaspace       used 61640K, committed 63040K, reserved 1114112K
  class space    used 6372K, committed 6976K, reserved 1048576K
}
Event: 35.897 GC heap after
{Heap after GC invocations=614 (full 3):
 PSYoungGen      total 2560K, used 320K [0x00000000eab00000, 0x00000000eaf00000, 0x0000000100000000)
  eden space 2048K, 0% used [0x00000000eab00000,0x00000000eab00000,0x00000000ead00000)
  from space 512K, 62% used [0x00000000eae00000,0x00000000eae50000,0x00000000eae80000)
  to   space 512K, 0% used [0x00000000eae80000,0x00000000eae80000,0x00000000eaf00000)
 ParOldGen       total 459776K, used 459328K [0x00000000c0000000, 0x00000000dc100000, 0x00000000eab00000)
  object space 459776K, 99% used [0x00000000c0000000,0x00000000dc090130,0x00000000dc100000)
 Metaspace       used 61640K, committed 63040K, reserved 1114112K
  class space    used 6372K, committed 6976K, reserved 1048576K
}
Event: 35.907 GC heap before
{Heap before GC invocations=615 (full 3):
 PSYoungGen      total 2560K, used 2368K [0x00000000eab00000, 0x00000000eaf00000, 0x0000000100000000)
  eden space 2048K, 100% used [0x00000000eab00000,0x00000000ead00000,0x00000000ead00000)
  from space 512K, 62% used [0x00000000eae00000,0x00000000eae50000,0x00000000eae80000)
  to   space 512K, 0% used [0x00000000eae80000,0x00000000eae80000,0x00000000eaf00000)
 ParOldGen       total 459776K, used 459328K [0x00000000c0000000, 0x00000000dc100000, 0x00000000eab00000)
  object space 459776K, 99% used [0x00000000c0000000,0x00000000dc090130,0x00000000dc100000)
 Metaspace       used 61640K, committed 63040K, reserved 1114112K
  class space    used 6372K, committed 6976K, reserved 1048576K
}
Event: 35.910 GC heap after
{Heap after GC invocations=615 (full 3):
 PSYoungGen      total 2560K, used 406K [0x00000000eab00000, 0x00000000eaf00000, 0x0000000100000000)
  eden space 2048K, 0% used [0x00000000eab00000,0x00000000eab00000,0x00000000ead00000)
  from space 512K, 79% used [0x00000000eae80000,0x00000000eaee5808,0x00000000eaf00000)
  to   space 512K, 0% used [0x00000000eae00000,0x00000000eae00000,0x00000000eae80000)
 ParOldGen       total 459776K, used 459576K [0x00000000c0000000, 0x00000000dc100000, 0x00000000eab00000)
  object space 459776K, 99% used [0x00000000c0000000,0x00000000dc0ce130,0x00000000dc100000)
 Metaspace       used 61640K, committed 63040K, reserved 1114112K
  class space    used 6372K, committed 6976K, reserved 1048576K
}
Event: 35.921 GC heap before
{Heap before GC invocations=616 (full 3):
 PSYoungGen      total 2560K, used 2454K [0x00000000eab00000, 0x00000000eaf00000, 0x0000000100000000)
  eden space 2048K, 100% used [0x00000000eab00000,0x00000000ead00000,0x00000000ead00000)
  from space 512K, 79% used [0x00000000eae80000,0x00000000eaee5808,0x00000000eaf00000)
  to   space 512K, 0% used [0x00000000eae00000,0x00000000eae00000,0x00000000eae80000)
 ParOldGen       total 459776K, used 459576K [0x00000000c0000000, 0x00000000dc100000, 0x00000000eab00000)
  object space 459776K, 99% used [0x00000000c0000000,0x00000000dc0ce130,0x00000000dc100000)
 Metaspace       used 61640K, committed 63040K, reserved 1114112K
  class space    used 6372K, committed 6976K, reserved 1048576K
}
Event: 35.925 GC heap after
{Heap after GC invocations=616 (full 3):
 PSYoungGen      total 3072K, used 352K [0x00000000eab00000, 0x00000000eaf00000, 0x0000000100000000)
  eden space 2560K, 0% used [0x00000000eab00000,0x00000000eab00000,0x00000000ead80000)
  from space 512K, 68% used [0x00000000eae00000,0x00000000eae58000,0x00000000eae80000)
  to   space 512K, 0% used [0x00000000eae80000,0x00000000eae80000,0x00000000eaf00000)
 ParOldGen       total 460288K, used 459894K [0x00000000c0000000, 0x00000000dc180000, 0x00000000eab00000)
  object space 460288K, 99% used [0x00000000c0000000,0x00000000dc11d938,0x00000000dc180000)
 Metaspace       used 61640K, committed 63040K, reserved 1114112K
  class space    used 6372K, committed 6976K, reserved 1048576K
}
Event: 35.938 GC heap before
{Heap before GC invocations=617 (full 3):
 PSYoungGen      total 3072K, used 2912K [0x00000000eab00000, 0x00000000eaf00000, 0x0000000100000000)
  eden space 2560K, 100% used [0x00000000eab00000,0x00000000ead80000,0x00000000ead80000)
  from space 512K, 68% used [0x00000000eae00000,0x00000000eae58000,0x00000000eae80000)
  to   space 512K, 0% used [0x00000000eae80000,0x00000000eae80000,0x00000000eaf00000)
 ParOldGen       total 460288K, used 459894K [0x00000000c0000000, 0x00000000dc180000, 0x00000000eab00000)
  object space 460288K, 99% used [0x00000000c0000000,0x00000000dc11d938,0x00000000dc180000)
 Metaspace       used 61640K, committed 63040K, reserved 1114112K
  class space    used 6372K, committed 6976K, reserved 1048576K
}
Event: 35.941 GC heap after
{Heap after GC invocations=617 (full 3):
 PSYoungGen      total 3584K, used 448K [0x00000000eab00000, 0x00000000eaf00000, 0x0000000100000000)
  eden space 3072K, 0% used [0x00000000eab00000,0x00000000eab00000,0x00000000eae00000)
  from space 512K, 87% used [0x00000000eae80000,0x00000000eaef0000,0x00000000eaf00000)
  to   space 512K, 0% used [0x00000000eae00000,0x00000000eae00000,0x00000000eae80000)
 ParOldGen       total 460288K, used 460198K [0x00000000c0000000, 0x00000000dc180000, 0x00000000eab00000)
  object space 460288K, 99% used [0x00000000c0000000,0x00000000dc169938,0x00000000dc180000)
 Metaspace       used 61640K, committed 63040K, reserved 1114112K
  class space    used 6372K, committed 6976K, reserved 1048576K
}
Event: 35.962 GC heap before
{Heap before GC invocations=618 (full 3):
 PSYoungGen      total 3584K, used 3504K [0x00000000eab00000, 0x00000000eaf00000, 0x0000000100000000)
  eden space 3072K, 99% used [0x00000000eab00000,0x00000000eadfc230,0x00000000eae00000)
  from space 512K, 87% used [0x00000000eae80000,0x00000000eaef0000,0x00000000eaf00000)
  to   space 512K, 0% used [0x00000000eae00000,0x00000000eae00000,0x00000000eae80000)
 ParOldGen       total 460288K, used 460198K [0x00000000c0000000, 0x00000000dc180000, 0x00000000eab00000)
  object space 460288K, 99% used [0x00000000c0000000,0x00000000dc169938,0x00000000dc180000)
 Metaspace       used 61640K, committed 63040K, reserved 1114112K
  class space    used 6372K, committed 6976K, reserved 1048576K
}
Event: 35.964 GC heap after
{Heap after GC invocations=618 (full 3):
 PSYoungGen      total 3584K, used 512K [0x00000000eab00000, 0x00000000eb000000, 0x0000000100000000)
  eden space 3072K, 0% used [0x00000000eab00000,0x00000000eab00000,0x00000000eae00000)
  from space 512K, 100% used [0x00000000eae00000,0x00000000eae80000,0x00000000eae80000)
  to   space 1024K, 0% used [0x00000000eaf00000,0x00000000eaf00000,0x00000000eb000000)
 ParOldGen       total 460800K, used 460510K [0x00000000c0000000, 0x00000000dc200000, 0x00000000eab00000)
  object space 460800K, 99% used [0x00000000c0000000,0x00000000dc1b7938,0x00000000dc200000)
 Metaspace       used 61640K, committed 63040K, reserved 1114112K
  class space    used 6372K, committed 6976K, reserved 1048576K
}
Event: 35.982 GC heap before
{Heap before GC invocations=619 (full 3):
 PSYoungGen      total 3584K, used 3584K [0x00000000eab00000, 0x00000000eb000000, 0x0000000100000000)
  eden space 3072K, 100% used [0x00000000eab00000,0x00000000eae00000,0x00000000eae00000)
  from space 512K, 100% used [0x00000000eae00000,0x00000000eae80000,0x00000000eae80000)
  to   space 1024K, 0% used [0x00000000eaf00000,0x00000000eaf00000,0x00000000eb000000)
 ParOldGen       total 460800K, used 460510K [0x00000000c0000000, 0x00000000dc200000, 0x00000000eab00000)
  object space 460800K, 99% used [0x00000000c0000000,0x00000000dc1b7938,0x00000000dc200000)
 Metaspace       used 61640K, committed 63040K, reserved 1114112K
  class space    used 6372K, committed 6976K, reserved 1048576K
}
Event: 35.985 GC heap after
{Heap after GC invocations=619 (full 3):
 PSYoungGen      total 4096K, used 416K [0x00000000eab00000, 0x00000000eb000000, 0x0000000100000000)
  eden space 3072K, 0% used [0x00000000eab00000,0x00000000eab00000,0x00000000eae00000)
  from space 1024K, 40% used [0x00000000eaf00000,0x00000000eaf68000,0x00000000eb000000)
  to   space 1024K, 0% used [0x00000000eae00000,0x00000000eae00000,0x00000000eaf00000)
 ParOldGen       total 461312K, used 460902K [0x00000000c0000000, 0x00000000dc280000, 0x00000000eab00000)
  object space 461312K, 99% used [0x00000000c0000000,0x00000000dc219938,0x00000000dc280000)
 Metaspace       used 61640K, committed 63040K, reserved 1114112K
  class space    used 6372K, committed 6976K, reserved 1048576K
}
Event: 36.006 GC heap before
{Heap before GC invocations=620 (full 3):
 PSYoungGen      total 4096K, used 3488K [0x00000000eab00000, 0x00000000eb000000, 0x0000000100000000)
  eden space 3072K, 100% used [0x00000000eab00000,0x00000000eae00000,0x00000000eae00000)
  from space 1024K, 40% used [0x00000000eaf00000,0x00000000eaf68000,0x00000000eb000000)
  to   space 1024K, 0% used [0x00000000eae00000,0x00000000eae00000,0x00000000eaf00000)
 ParOldGen       total 461312K, used 460902K [0x00000000c0000000, 0x00000000dc280000, 0x00000000eab00000)
  object space 461312K, 99% used [0x00000000c0000000,0x00000000dc219938,0x00000000dc280000)
 Metaspace       used 61640K, committed 63040K, reserved 1114112K
  class space    used 6372K, committed 6976K, reserved 1048576K
}
Event: 36.010 GC heap after
{Heap after GC invocations=620 (full 3):
 PSYoungGen      total 4096K, used 524K [0x00000000eab00000, 0x00000000eb000000, 0x0000000100000000)
  eden space 3072K, 0% used [0x00000000eab00000,0x00000000eab00000,0x00000000eae00000)
  from space 1024K, 51% used [0x00000000eae00000,0x00000000eae83008,0x00000000eaf00000)
  to   space 1024K, 0% used [0x00000000eaf00000,0x00000000eaf00000,0x00000000eb000000)
 ParOldGen       total 461312K, used 461270K [0x00000000c0000000, 0x00000000dc280000, 0x00000000eab00000)
  object space 461312K, 99% used [0x00000000c0000000,0x00000000dc275938,0x00000000dc280000)
 Metaspace       used 61640K, committed 63040K, reserved 1114112K
  class space    used 6372K, committed 6976K, reserved 1048576K
}
Event: 36.025 GC heap before
{Heap before GC invocations=621 (full 3):
 PSYoungGen      total 4096K, used 3596K [0x00000000eab00000, 0x00000000eb000000, 0x0000000100000000)
  eden space 3072K, 100% used [0x00000000eab00000,0x00000000eae00000,0x00000000eae00000)
  from space 1024K, 51% used [0x00000000eae00000,0x00000000eae83008,0x00000000eaf00000)
  to   space 1024K, 0% used [0x00000000eaf00000,0x00000000eaf00000,0x00000000eb000000)
 ParOldGen       total 461312K, used 461270K [0x00000000c0000000, 0x00000000dc280000, 0x00000000eab00000)
  object space 461312K, 99% used [0x00000000c0000000,0x00000000dc275938,0x00000000dc280000)
 Metaspace       used 61640K, committed 63040K, reserved 1114112K
  class space    used 6372K, committed 6976K, reserved 1048576K
}
Event: 36.028 GC heap after
{Heap after GC invocations=621 (full 3):
 PSYoungGen      total 4096K, used 3596K [0x00000000eab00000, 0x00000000eb000000, 0x0000000100000000)
  eden space 3072K, 100% used [0x00000000eab00000,0x00000000eae00000,0x00000000eae00000)
  from space 1024K, 51% used [0x00000000eae00000,0x00000000eae83008,0x00000000eaf00000)
  to   space 1024K, 56% used [0x00000000eaf00000,0x00000000eaf90000,0x00000000eb000000)
 ParOldGen       total 461824K, used 461626K [0x00000000c0000000, 0x00000000dc300000, 0x00000000eab00000)
  object space 461824K, 99% used [0x00000000c0000000,0x00000000dc2ce940,0x00000000dc300000)
 Metaspace       used 61640K, committed 63040K, reserved 1114112K
  class space    used 6372K, committed 6976K, reserved 1048576K
}
Event: 36.028 GC heap before
{Heap before GC invocations=622 (full 4):
 PSYoungGen      total 4096K, used 3596K [0x00000000eab00000, 0x00000000eb000000, 0x0000000100000000)
  eden space 3072K, 100% used [0x00000000eab00000,0x00000000eae00000,0x00000000eae00000)
  from space 1024K, 51% used [0x00000000eae00000,0x00000000eae83008,0x00000000eaf00000)
  to   space 1024K, 56% used [0x00000000eaf00000,0x00000000eaf90000,0x00000000eb000000)
 ParOldGen       total 461824K, used 461626K [0x00000000c0000000, 0x00000000dc300000, 0x00000000eab00000)
  object space 461824K, 99% used [0x00000000c0000000,0x00000000dc2ce940,0x00000000dc300000)
 Metaspace       used 61640K, committed 63040K, reserved 1114112K
  class space    used 6372K, committed 6976K, reserved 1048576K
}

Dll operation events (10 events):
Event: 0.030 Loaded shared library c:\Users\Disha\.vscode\extensions\redhat.java-1.39.0-win32-x64\jre\21.0.5-win32-x86_64\bin\java.dll
Event: 0.169 Loaded shared library c:\Users\Disha\.vscode\extensions\redhat.java-1.39.0-win32-x64\jre\21.0.5-win32-x86_64\bin\zip.dll
Event: 0.215 Loaded shared library C:\Users\Disha\.vscode\extensions\redhat.java-1.39.0-win32-x64\jre\21.0.5-win32-x86_64\bin\instrument.dll
Event: 0.223 Loaded shared library C:\Users\Disha\.vscode\extensions\redhat.java-1.39.0-win32-x64\jre\21.0.5-win32-x86_64\bin\net.dll
Event: 0.227 Loaded shared library C:\Users\Disha\.vscode\extensions\redhat.java-1.39.0-win32-x64\jre\21.0.5-win32-x86_64\bin\nio.dll
Event: 0.233 Loaded shared library C:\Users\Disha\.vscode\extensions\redhat.java-1.39.0-win32-x64\jre\21.0.5-win32-x86_64\bin\zip.dll
Event: 0.262 Loaded shared library C:\Users\Disha\.vscode\extensions\redhat.java-1.39.0-win32-x64\jre\21.0.5-win32-x86_64\bin\jimage.dll
Event: 0.439 Loaded shared library c:\Users\Disha\.vscode\extensions\redhat.java-1.39.0-win32-x64\jre\21.0.5-win32-x86_64\bin\verify.dll
Event: 2.144 Loaded shared library C:\Users\Disha\AppData\Roaming\Code\User\globalStorage\redhat.java\1.39.0\config_win\org.eclipse.equinox.launcher\org.eclipse.equinox.launcher.win32.win32.x86_64_1.2.1100.v20240722-2106\eclipse_11904.dll
Event: 4.214 Loaded shared library C:\Users\Disha\AppData\Local\Temp\jna-66041319\jna16424346994539033694.dll

Deoptimization events (20 events):
Event: 32.164 Thread 0x000002775777bb10 Uncommon trap: trap_request=0xffffff45 fr.pc=0x000002770af8fd3c relative=0x000000000000027c
Event: 32.164 Thread 0x000002775777bb10 Uncommon trap: reason=unstable_if action=reinterpret pc=0x000002770af8fd3c method=org.eclipse.jdt.internal.compiler.classfmt.ClassFileStruct.utf8At(II)[C @ 46 c2
Event: 32.164 Thread 0x000002775777bb10 DEOPT PACKING pc=0x000002770af8fd3c sp=0x00000090c58fee90
Event: 32.164 Thread 0x000002775777bb10 DEOPT UNPACKING pc=0x000002770a813aa2 sp=0x00000090c58fee10 mode 2
Event: 34.920 Thread 0x000002775777bb10 Uncommon trap: trap_request=0xffffff45 fr.pc=0x000002770b52def8 relative=0x0000000000005fb8
Event: 34.920 Thread 0x000002775777bb10 Uncommon trap: reason=unstable_if action=reinterpret pc=0x000002770b52def8 method=org.eclipse.jdt.internal.compiler.classfmt.ClassFileReader.<init>([B[CZ)V @ 1364 c2
Event: 34.920 Thread 0x000002775777bb10 DEOPT PACKING pc=0x000002770b52def8 sp=0x00000090c58ff140
Event: 34.920 Thread 0x000002775777bb10 DEOPT UNPACKING pc=0x000002770a813aa2 sp=0x00000090c58ff0f0 mode 2
Event: 34.923 Thread 0x000002775777bb10 Uncommon trap: trap_request=0xffffff45 fr.pc=0x000002770b05b320 relative=0x0000000000007860
Event: 34.923 Thread 0x000002775777bb10 Uncommon trap: reason=unstable_if action=reinterpret pc=0x000002770b05b320 method=org.eclipse.jdt.internal.compiler.classfmt.ClassFileReader.<init>([B[CZ)V @ 1364 c2
Event: 34.923 Thread 0x000002775777bb10 DEOPT PACKING pc=0x000002770b05b320 sp=0x00000090c58ff120
Event: 34.923 Thread 0x000002775777bb10 DEOPT UNPACKING pc=0x000002770a813aa2 sp=0x00000090c58ff0f0 mode 2
Event: 34.925 Thread 0x000002775777bb10 DEOPT PACKING pc=0x00000277046c1cd9 sp=0x00000090c58fefb0
Event: 34.925 Thread 0x000002775777bb10 DEOPT UNPACKING pc=0x000002770a814242 sp=0x00000090c58fe4a8 mode 0
Event: 35.160 Thread 0x000002775777bb10 DEOPT PACKING pc=0x0000027704840846 sp=0x00000090c58ff050
Event: 35.160 Thread 0x000002775777bb10 DEOPT UNPACKING pc=0x000002770a814242 sp=0x00000090c58fe5d8 mode 0
Event: 35.356 Thread 0x000002775777bb10 DEOPT PACKING pc=0x0000027704840846 sp=0x00000090c58ff050
Event: 35.356 Thread 0x000002775777bb10 DEOPT UNPACKING pc=0x000002770a814242 sp=0x00000090c58fe5d8 mode 0
Event: 35.405 Thread 0x000002775777bb10 DEOPT PACKING pc=0x0000027704840846 sp=0x00000090c58ff050
Event: 35.405 Thread 0x000002775777bb10 DEOPT UNPACKING pc=0x000002770a814242 sp=0x00000090c58fe5d8 mode 0

Classes loaded (20 events):
Event: 31.959 Loading class sun/util/cldr/CLDRTimeZoneNameProviderImpl
Event: 31.959 Loading class sun/util/locale/provider/TimeZoneNameProviderImpl
Event: 31.959 Loading class sun/util/locale/provider/TimeZoneNameProviderImpl done
Event: 31.959 Loading class sun/util/cldr/CLDRTimeZoneNameProviderImpl done
Event: 31.962 Loading class sun/util/resources/cldr/TimeZoneNames
Event: 31.963 Loading class sun/util/resources/TimeZoneNamesBundle
Event: 31.963 Loading class sun/util/resources/OpenListResourceBundle
Event: 31.963 Loading class sun/util/resources/OpenListResourceBundle done
Event: 31.963 Loading class sun/util/resources/TimeZoneNamesBundle done
Event: 31.963 Loading class sun/util/resources/cldr/TimeZoneNames done
Event: 31.964 Loading class sun/util/resources/cldr/TimeZoneNames_en
Event: 31.966 Loading class sun/util/resources/cldr/TimeZoneNames_en done
Event: 31.967 Loading class sun/util/resources/cldr/TimeZoneNames_en_US
Event: 31.967 Loading class sun/util/resources/cldr/TimeZoneNames_en_US done
Event: 31.969 Loading class sun/util/cldr/CLDRBaseLocaleDataMetaInfo$TZCanonicalIDMapHolder
Event: 31.971 Loading class sun/util/cldr/CLDRBaseLocaleDataMetaInfo$TZCanonicalIDMapHolder done
Event: 31.974 Loading class sun/util/resources/TimeZoneNames
Event: 31.976 Loading class sun/util/resources/TimeZoneNames done
Event: 31.977 Loading class sun/util/resources/TimeZoneNames_en
Event: 31.977 Loading class sun/util/resources/TimeZoneNames_en done

Classes unloaded (9 events):
Event: 4.889 Thread 0x0000027714475880 Unloading class 0x0000027716194400 'java/lang/invoke/LambdaForm$MH+0x0000027716194400'
Event: 4.889 Thread 0x0000027714475880 Unloading class 0x0000027716194000 'java/lang/invoke/LambdaForm$MH+0x0000027716194000'
Event: 4.889 Thread 0x0000027714475880 Unloading class 0x0000027716193c00 'java/lang/invoke/LambdaForm$MH+0x0000027716193c00'
Event: 4.889 Thread 0x0000027714475880 Unloading class 0x0000027716193800 'java/lang/invoke/LambdaForm$MH+0x0000027716193800'
Event: 4.889 Thread 0x0000027714475880 Unloading class 0x0000027716193400 'java/lang/invoke/LambdaForm$BMH+0x0000027716193400'
Event: 4.890 Thread 0x0000027714475880 Unloading class 0x0000027716193000 'java/lang/invoke/LambdaForm$DMH+0x0000027716193000'
Event: 4.890 Thread 0x0000027714475880 Unloading class 0x0000027716191c00 'java/lang/invoke/LambdaForm$DMH+0x0000027716191c00'
Event: 20.941 Thread 0x0000027714475880 Unloading class 0x000002771666cc00 'java/lang/invoke/LambdaForm$DMH+0x000002771666cc00'
Event: 20.941 Thread 0x0000027714475880 Unloading class 0x000002771666c800 'java/lang/invoke/LambdaForm$DMH+0x000002771666c800'

Classes redefined (0 events):
No events

Internal exceptions (20 events):
Event: 31.860 Thread 0x000002775777bb10 Exception <a 'sun/nio/fs/WindowsException'{0x00000000eab15310}> (0x00000000eab15310) 
thrown [s\src\hotspot\share\prims\jni.cpp, line 520]
Event: 31.870 Thread 0x000002775c58d410 Implicit null exception at 0x000002770b340cb3 to 0x000002770b340fc2
Event: 31.922 Thread 0x000002775777bb10 Exception <a 'sun/nio/fs/WindowsException'{0x00000000eac90818}> (0x00000000eac90818) 
thrown [s\src\hotspot\share\prims\jni.cpp, line 520]
Event: 31.968 Thread 0x000002775777bb10 Exception <a 'sun/nio/fs/WindowsException'{0x00000000eac96928}> (0x00000000eac96928) 
thrown [s\src\hotspot\share\prims\jni.cpp, line 520]
Event: 32.011 Thread 0x000002775777bb10 Exception <a 'sun/nio/fs/WindowsException'{0x00000000eabed2c8}> (0x00000000eabed2c8) 
thrown [s\src\hotspot\share\prims\jni.cpp, line 520]
Event: 32.267 Thread 0x000002775777bb10 Exception <a 'sun/nio/fs/WindowsException'{0x00000000eabf5070}> (0x00000000eabf5070) 
thrown [s\src\hotspot\share\prims\jni.cpp, line 520]
Event: 32.367 Thread 0x000002775777bb10 Exception <a 'sun/nio/fs/WindowsException'{0x00000000eac6dec8}> (0x00000000eac6dec8) 
thrown [s\src\hotspot\share\prims\jni.cpp, line 520]
Event: 32.411 Thread 0x000002775777bb10 Exception <a 'sun/nio/fs/WindowsException'{0x00000000ead75030}> (0x00000000ead75030) 
thrown [s\src\hotspot\share\prims\jni.cpp, line 520]
Event: 32.447 Thread 0x000002775777bb10 Exception <a 'sun/nio/fs/WindowsException'{0x00000000eab0ca88}> (0x00000000eab0ca88) 
thrown [s\src\hotspot\share\prims\jni.cpp, line 520]
Event: 32.475 Thread 0x000002775777bb10 Exception <a 'sun/nio/fs/WindowsException'{0x00000000eab1f060}> (0x00000000eab1f060) 
thrown [s\src\hotspot\share\prims\jni.cpp, line 520]
Event: 32.522 Thread 0x000002775777bb10 Exception <a 'sun/nio/fs/WindowsException'{0x00000000eac59ce0}> (0x00000000eac59ce0) 
thrown [s\src\hotspot\share\prims\jni.cpp, line 520]
Event: 32.556 Thread 0x000002775777bb10 Exception <a 'sun/nio/fs/WindowsException'{0x00000000eac9a7d8}> (0x00000000eac9a7d8) 
thrown [s\src\hotspot\share\prims\jni.cpp, line 520]
Event: 32.588 Thread 0x000002775777bb10 Exception <a 'sun/nio/fs/WindowsException'{0x00000000eacafff8}> (0x00000000eacafff8) 
thrown [s\src\hotspot\share\prims\jni.cpp, line 520]
Event: 34.249 Thread 0x000002775777bb10 Exception <a 'sun/nio/fs/WindowsException'{0x00000000eab4ee10}> (0x00000000eab4ee10) 
thrown [s\src\hotspot\share\prims\jni.cpp, line 520]
Event: 34.358 Thread 0x000002775777bb10 Exception <a 'sun/nio/fs/WindowsException'{0x00000000eab86828}> (0x00000000eab86828) 
thrown [s\src\hotspot\share\prims\jni.cpp, line 520]
Event: 34.465 Thread 0x000002775777bb10 Exception <a 'sun/nio/fs/WindowsException'{0x00000000eac2d858}> (0x00000000eac2d858) 
thrown [s\src\hotspot\share\prims\jni.cpp, line 520]
Event: 35.045 Thread 0x000002775777bb10 Exception <a 'sun/nio/fs/WindowsException'{0x00000000eab2b8a0}> (0x00000000eab2b8a0) 
thrown [s\src\hotspot\share\prims\jni.cpp, line 520]
Event: 35.307 Thread 0x000002775777bb10 Exception <a 'sun/nio/fs/WindowsException'{0x00000000eac7d1d0}> (0x00000000eac7d1d0) 
thrown [s\src\hotspot\share\prims\jni.cpp, line 520]
Event: 35.660 Thread 0x000002775777bb10 Exception <a 'sun/nio/fs/WindowsException'{0x00000000eacb8ce8}> (0x00000000eacb8ce8) 
thrown [s\src\hotspot\share\prims\jni.cpp, line 520]
Event: 35.816 Thread 0x000002775777bb10 Exception <a 'sun/nio/fs/WindowsException'{0x00000000eac7f350}> (0x00000000eac7f350) 
thrown [s\src\hotspot\share\prims\jni.cpp, line 520]

ZGC Phase Switch (0 events):
No events

VM Operations (20 events):
Event: 35.850 Executing VM operation: ParallelGCFailedAllocation (Allocation Failure) done
Event: 35.866 Executing VM operation: ParallelGCFailedAllocation (Allocation Failure)
Event: 35.868 Executing VM operation: ParallelGCFailedAllocation (Allocation Failure) done
Event: 35.880 Executing VM operation: ParallelGCFailedAllocation (Allocation Failure)
Event: 35.882 Executing VM operation: ParallelGCFailedAllocation (Allocation Failure) done
Event: 35.893 Executing VM operation: ParallelGCFailedAllocation (Allocation Failure)
Event: 35.897 Executing VM operation: ParallelGCFailedAllocation (Allocation Failure) done
Event: 35.907 Executing VM operation: ParallelGCFailedAllocation (Allocation Failure)
Event: 35.911 Executing VM operation: ParallelGCFailedAllocation (Allocation Failure) done
Event: 35.921 Executing VM operation: ParallelGCFailedAllocation (Allocation Failure)
Event: 35.925 Executing VM operation: ParallelGCFailedAllocation (Allocation Failure) done
Event: 35.938 Executing VM operation: ParallelGCFailedAllocation (Allocation Failure)
Event: 35.941 Executing VM operation: ParallelGCFailedAllocation (Allocation Failure) done
Event: 35.961 Executing VM operation: ParallelGCFailedAllocation (Allocation Failure)
Event: 35.964 Executing VM operation: ParallelGCFailedAllocation (Allocation Failure) done
Event: 35.982 Executing VM operation: ParallelGCFailedAllocation (Allocation Failure)
Event: 35.985 Executing VM operation: ParallelGCFailedAllocation (Allocation Failure) done
Event: 36.006 Executing VM operation: ParallelGCFailedAllocation (Allocation Failure)
Event: 36.011 Executing VM operation: ParallelGCFailedAllocation (Allocation Failure) done
Event: 36.025 Executing VM operation: ParallelGCFailedAllocation (Allocation Failure)

Memory protections (0 events):
No events

Nmethod flushes (20 events):
Event: 20.975 Thread 0x0000027714475880 flushing osr nmethod 0x0000027703ac9510
Event: 20.975 Thread 0x0000027714475880 flushing  nmethod 0x0000027703af7f10
Event: 20.975 Thread 0x0000027714475880 flushing  nmethod 0x0000027703b04b90
Event: 20.975 Thread 0x0000027714475880 flushing  nmethod 0x0000027703b0fd10
Event: 20.975 Thread 0x0000027714475880 flushing  nmethod 0x0000027703b13790
Event: 20.975 Thread 0x0000027714475880 flushing  nmethod 0x0000027703b14110
Event: 20.975 Thread 0x0000027714475880 flushing  nmethod 0x0000027703b24690
Event: 20.975 Thread 0x0000027714475880 flushing  nmethod 0x0000027703b28c10
Event: 20.975 Thread 0x0000027714475880 flushing  nmethod 0x0000027703b29210
Event: 20.975 Thread 0x0000027714475880 flushing  nmethod 0x0000027703b2ab10
Event: 20.975 Thread 0x0000027714475880 flushing  nmethod 0x0000027703b2b110
Event: 20.975 Thread 0x0000027714475880 flushing  nmethod 0x0000027703b2c090
Event: 20.975 Thread 0x0000027714475880 flushing  nmethod 0x0000027703b2db90
Event: 20.975 Thread 0x0000027714475880 flushing  nmethod 0x0000027703b30c90
Event: 20.975 Thread 0x0000027714475880 flushing  nmethod 0x0000027703b38990
Event: 20.975 Thread 0x0000027714475880 flushing  nmethod 0x0000027703b3e290
Event: 20.975 Thread 0x0000027714475880 flushing  nmethod 0x0000027703b55110
Event: 20.975 Thread 0x0000027714475880 flushing osr nmethod 0x0000027703bb3e90
Event: 20.975 Thread 0x0000027714475880 flushing  nmethod 0x0000027703bc1010
Event: 20.975 Thread 0x0000027714475880 flushing  nmethod 0x0000027703be6c10

Events (20 events):
Event: 23.534 Thread 0x000002775f72a4b0 Thread added: 0x000002775c330d60
Event: 23.537 Thread 0x000002775c330d60 Thread added: 0x000002775c32e600
Event: 23.566 Thread 0x000002775f72dfc0 Thread added: 0x000002775c32ec90
Event: 23.809 Thread 0x000002775e5719c0 Thread exited: 0x000002775e5719c0
Event: 23.809 Thread 0x000002775e5712f0 Thread exited: 0x000002775e5712f0
Event: 24.001 Thread 0x0000027757681550 Thread added: 0x000002775e5712f0
Event: 24.008 Thread 0x000002775e5712f0 Thread added: 0x000002775e56fe80
Event: 25.886 Thread 0x000002775e56fe80 Thread exited: 0x000002775e56fe80
Event: 26.859 Thread 0x000002775e5712f0 Thread exited: 0x000002775e5712f0
Event: 27.882 Thread 0x000002775765cb30 Thread added: 0x000002775e56fe80
Event: 28.577 Thread 0x000002775c32ec90 Thread exited: 0x000002775c32ec90
Event: 28.590 Thread 0x000002775e56fe80 Thread exited: 0x000002775e56fe80
Event: 29.246 Thread 0x000002775765cb30 Thread added: 0x000002775e56fe80
Event: 29.246 Thread 0x000002775765cb30 Thread added: 0x000002775e5712f0
Event: 31.604 Thread 0x000002775e5712f0 Thread exited: 0x000002775e5712f0
Event: 31.616 Thread 0x000002775e56fe80 Thread exited: 0x000002775e56fe80
Event: 31.891 Thread 0x0000027757681550 Thread added: 0x000002775e56fe80
Event: 31.903 Thread 0x0000027757681550 Thread added: 0x000002775e5712f0
Event: 32.167 Thread 0x000002775e5712f0 Thread exited: 0x000002775e5712f0
Event: 32.295 Thread 0x000002775e56fe80 Thread exited: 0x000002775e56fe80


Dynamic libraries:
0x00007ff7d3fb0000 - 0x00007ff7d3fbe000 	c:\Users\Disha\.vscode\extensions\redhat.java-1.39.0-win32-x64\jre\21.0.5-win32-x86_64\bin\java.exe
0x00007ffb929f0000 - 0x00007ffb92c07000 	C:\WINDOWS\SYSTEM32\ntdll.dll
0x00007ffb911d0000 - 0x00007ffb91294000 	C:\WINDOWS\System32\KERNEL32.DLL
0x00007ffb90210000 - 0x00007ffb905ca000 	C:\WINDOWS\System32\KERNELBASE.dll
0x00007ffb905d0000 - 0x00007ffb906e1000 	C:\WINDOWS\System32\ucrtbase.dll
0x00007ffb7c9a0000 - 0x00007ffb7c9b8000 	c:\Users\Disha\.vscode\extensions\redhat.java-1.39.0-win32-x64\jre\21.0.5-win32-x86_64\bin\jli.dll
0x00007ffb90850000 - 0x00007ffb909fe000 	C:\WINDOWS\System32\USER32.dll
0x00007ffb8fcc0000 - 0x00007ffb8fce6000 	C:\WINDOWS\System32\win32u.dll
0x00007ffb90f30000 - 0x00007ffb90f59000 	C:\WINDOWS\System32\GDI32.dll
0x00007ffb90030000 - 0x00007ffb9014b000 	C:\WINDOWS\System32\gdi32full.dll
0x00007ffb8ff10000 - 0x00007ffb8ffaa000 	C:\WINDOWS\System32\msvcp_win.dll
0x00007ffb6dcc0000 - 0x00007ffb6dcde000 	c:\Users\Disha\.vscode\extensions\redhat.java-1.39.0-win32-x64\jre\21.0.5-win32-x86_64\bin\VCRUNTIME140.dll
0x00007ffb6bc30000 - 0x00007ffb6bec2000 	C:\WINDOWS\WinSxS\amd64_microsoft.windows.common-controls_6595b64144ccf1df_6.0.22621.4541_none_2710d1c57384c085\COMCTL32.dll
0x00007ffb907a0000 - 0x00007ffb90847000 	C:\WINDOWS\System32\msvcrt.dll
0x00007ffb90fd0000 - 0x00007ffb91001000 	C:\WINDOWS\System32\IMM32.DLL
0x00007ffb7c990000 - 0x00007ffb7c99c000 	c:\Users\Disha\.vscode\extensions\redhat.java-1.39.0-win32-x64\jre\21.0.5-win32-x86_64\bin\vcruntime140_1.dll
0x00007ffb3b0f0000 - 0x00007ffb3b17d000 	c:\Users\Disha\.vscode\extensions\redhat.java-1.39.0-win32-x64\jre\21.0.5-win32-x86_64\bin\msvcp140.dll
0x00007ffaf4390000 - 0x00007ffaf511f000 	c:\Users\Disha\.vscode\extensions\redhat.java-1.39.0-win32-x64\jre\21.0.5-win32-x86_64\bin\server\jvm.dll
0x00007ffb916d0000 - 0x00007ffb91782000 	C:\WINDOWS\System32\ADVAPI32.dll
0x00007ffb91010000 - 0x00007ffb910b7000 	C:\WINDOWS\System32\sechost.dll
0x00007ffb8fe60000 - 0x00007ffb8fe88000 	C:\WINDOWS\System32\bcrypt.dll
0x00007ffb920f0000 - 0x00007ffb92204000 	C:\WINDOWS\System32\RPCRT4.dll
0x00007ffb91790000 - 0x00007ffb91801000 	C:\WINDOWS\System32\WS2_32.dll
0x00007ffb8eb50000 - 0x00007ffb8eb9d000 	C:\WINDOWS\SYSTEM32\POWRPROF.dll
0x00007ffb86b10000 - 0x00007ffb86b1a000 	C:\WINDOWS\SYSTEM32\VERSION.dll
0x00007ffb8acf0000 - 0x00007ffb8ad24000 	C:\WINDOWS\SYSTEM32\WINMM.dll
0x00007ffb8eb30000 - 0x00007ffb8eb43000 	C:\WINDOWS\SYSTEM32\UMPDC.dll
0x00007ffb8edf0000 - 0x00007ffb8ee08000 	C:\WINDOWS\SYSTEM32\kernel.appcore.dll
0x00007ffb749f0000 - 0x00007ffb749fa000 	c:\Users\Disha\.vscode\extensions\redhat.java-1.39.0-win32-x64\jre\21.0.5-win32-x86_64\bin\jimage.dll
0x00007ffb8d6a0000 - 0x00007ffb8d8d2000 	C:\WINDOWS\SYSTEM32\DBGHELP.DLL
0x00007ffb90b10000 - 0x00007ffb90e9f000 	C:\WINDOWS\System32\combase.dll
0x00007ffb915e0000 - 0x00007ffb916b7000 	C:\WINDOWS\System32\OLEAUT32.dll
0x00007ffb7c300000 - 0x00007ffb7c332000 	C:\WINDOWS\SYSTEM32\dbgcore.DLL
0x00007ffb8ffb0000 - 0x00007ffb9002b000 	C:\WINDOWS\System32\bcryptPrimitives.dll
0x00007ffb6f060000 - 0x00007ffb6f06f000 	c:\Users\Disha\.vscode\extensions\redhat.java-1.39.0-win32-x64\jre\21.0.5-win32-x86_64\bin\instrument.dll
0x00007ffb6dc40000 - 0x00007ffb6dc5f000 	c:\Users\Disha\.vscode\extensions\redhat.java-1.39.0-win32-x64\jre\21.0.5-win32-x86_64\bin\java.dll
0x00007ffb91860000 - 0x00007ffb920d8000 	C:\WINDOWS\System32\SHELL32.dll
0x00007ffb8dc10000 - 0x00007ffb8e518000 	C:\WINDOWS\SYSTEM32\windows.storage.dll
0x00007ffb8dad0000 - 0x00007ffb8dc0f000 	C:\WINDOWS\SYSTEM32\wintypes.dll
0x00007ffb914e0000 - 0x00007ffb915da000 	C:\WINDOWS\System32\SHCORE.dll
0x00007ffb90ea0000 - 0x00007ffb90efe000 	C:\WINDOWS\System32\shlwapi.dll
0x00007ffb8fbf0000 - 0x00007ffb8fc1b000 	C:\WINDOWS\SYSTEM32\profapi.dll
0x00007ffb6d780000 - 0x00007ffb6d798000 	c:\Users\Disha\.vscode\extensions\redhat.java-1.39.0-win32-x64\jre\21.0.5-win32-x86_64\bin\zip.dll
0x00007ffb6dbf0000 - 0x00007ffb6dc00000 	C:\Users\Disha\.vscode\extensions\redhat.java-1.39.0-win32-x64\jre\21.0.5-win32-x86_64\bin\net.dll
0x00007ffb8c3c0000 - 0x00007ffb8c4f6000 	C:\WINDOWS\SYSTEM32\WINHTTP.dll
0x00007ffb8f270000 - 0x00007ffb8f2d9000 	C:\WINDOWS\system32\mswsock.dll
0x00007ffb6d060000 - 0x00007ffb6d076000 	C:\Users\Disha\.vscode\extensions\redhat.java-1.39.0-win32-x64\jre\21.0.5-win32-x86_64\bin\nio.dll
0x00007ffb6db50000 - 0x00007ffb6db60000 	c:\Users\Disha\.vscode\extensions\redhat.java-1.39.0-win32-x64\jre\21.0.5-win32-x86_64\bin\verify.dll
0x00007ffb3cc30000 - 0x00007ffb3cc75000 	C:\Users\Disha\AppData\Roaming\Code\User\globalStorage\redhat.java\1.39.0\config_win\org.eclipse.equinox.launcher\org.eclipse.equinox.launcher.win32.win32.x86_64_1.2.1100.v20240722-2106\eclipse_11904.dll
0x00007ffb92800000 - 0x00007ffb929a5000 	C:\WINDOWS\System32\ole32.dll
0x00007ffb8f4c0000 - 0x00007ffb8f4db000 	C:\WINDOWS\SYSTEM32\CRYPTSP.dll
0x00007ffb8ed50000 - 0x00007ffb8ed85000 	C:\WINDOWS\system32\rsaenh.dll
0x00007ffb8f360000 - 0x00007ffb8f388000 	C:\WINDOWS\SYSTEM32\USERENV.dll
0x00007ffb8f4e0000 - 0x00007ffb8f4ec000 	C:\WINDOWS\SYSTEM32\CRYPTBASE.dll
0x00007ffb8e7f0000 - 0x00007ffb8e81d000 	C:\WINDOWS\SYSTEM32\IPHLPAPI.DLL
0x00007ffb911c0000 - 0x00007ffb911c9000 	C:\WINDOWS\System32\NSI.dll
0x00007ffb3b0a0000 - 0x00007ffb3b0e9000 	C:\Users\Disha\AppData\Local\Temp\jna-66041319\jna16424346994539033694.dll
0x00007ffb920e0000 - 0x00007ffb920e8000 	C:\WINDOWS\System32\PSAPI.DLL
0x00007ffb8b410000 - 0x00007ffb8b429000 	C:\WINDOWS\SYSTEM32\dhcpcsvc6.DLL
0x00007ffb8b3f0000 - 0x00007ffb8b40f000 	C:\WINDOWS\SYSTEM32\dhcpcsvc.DLL

dbghelp: loaded successfully - version: 4.0.5 - missing functions: none
symbol engine: initialized successfully - sym options: 0x614 - pdb path: .;c:\Users\Disha\.vscode\extensions\redhat.java-1.39.0-win32-x64\jre\21.0.5-win32-x86_64\bin;C:\WINDOWS\SYSTEM32;C:\WINDOWS\WinSxS\amd64_microsoft.windows.common-controls_6595b64144ccf1df_6.0.22621.4541_none_2710d1c57384c085;c:\Users\Disha\.vscode\extensions\redhat.java-1.39.0-win32-x64\jre\21.0.5-win32-x86_64\bin\server;C:\Users\Disha\AppData\Roaming\Code\User\globalStorage\redhat.java\1.39.0\config_win\org.eclipse.equinox.launcher\org.eclipse.equinox.launcher.win32.win32.x86_64_1.2.1100.v20240722-2106;C:\Users\Disha\AppData\Local\Temp\jna-66041319

VM Arguments:
jvm_args: --add-modules=ALL-SYSTEM --add-opens=java.base/java.util=ALL-UNNAMED --add-opens=java.base/java.lang=ALL-UNNAMED --add-opens=java.base/sun.nio.fs=ALL-UNNAMED -Declipse.application=org.eclipse.jdt.ls.core.id1 -Dosgi.bundles.defaultStartLevel=4 -Declipse.product=org.eclipse.jdt.ls.core.product -Djava.import.generatesMetadataFilesAtProjectRoot=false -DDetectVMInstallationsJob.disabled=true -Dfile.encoding=utf8 -XX:+UseParallelGC -XX:GCTimeRatio=4 -XX:AdaptiveSizePolicyWeight=90 -Dsun.zip.disableMemoryMapping=true -Xmx1G -Xms100m -Xlog:disable -javaagent:c:\Users\Disha\.vscode\extensions\redhat.java-1.39.0-win32-x64\lombok\lombok-1.18.34.jar -XX:+HeapDumpOnOutOfMemoryError -XX:HeapDumpPath=c:\Users\Disha\AppData\Roaming\Code\User\workspaceStorage\de8299c0dcd8de64d39b28a36b85e68e\redhat.java -Daether.dependencyCollector.impl=bf 
java_command: c:\Users\Disha\.vscode\extensions\redhat.java-1.39.0-win32-x64\server\plugins\org.eclipse.equinox.launcher_1.6.900.v20240613-2009.jar -configuration c:\Users\Disha\AppData\Roaming\Code\User\globalStorage\redhat.java\1.39.0\config_win -data c:\Users\Disha\AppData\Roaming\Code\User\workspaceStorage\de8299c0dcd8de64d39b28a36b85e68e\redhat.java\jdt_ws --pipe=\\.\pipe\lsp-c211ada6ed37058df8666f3a1ce92085-sock
java_class_path (initial): c:\Users\Disha\.vscode\extensions\redhat.java-1.39.0-win32-x64\server\plugins\org.eclipse.equinox.launcher_1.6.900.v20240613-2009.jar
Launcher Type: SUN_STANDARD

[Global flags]
    uintx AdaptiveSizePolicyWeight                 = 90                                        {product} {command line}
     intx CICompilerCount                          = 4                                         {product} {ergonomic}
    uintx GCTimeRatio                              = 4                                         {product} {command line}
     bool HeapDumpOnOutOfMemoryError               = true                                   {manageable} {command line}
    ccstr HeapDumpPath                             = c:\Users\Disha\AppData\Roaming\Code\User\workspaceStorage\de8299c0dcd8de64d39b28a36b85e68e\redhat.java         {manageable} {command line}
   size_t InitialHeapSize                          = 104857600                                 {product} {command line}
   size_t MaxHeapSize                              = 1073741824                                {product} {command line}
   size_t MaxNewSize                               = 357564416                                 {product} {ergonomic}
   size_t MinHeapDeltaBytes                        = 524288                                    {product} {ergonomic}
   size_t MinHeapSize                              = 104857600                                 {product} {command line}
   size_t NewSize                                  = 34603008                                  {product} {ergonomic}
    uintx NonNMethodCodeHeapSize                   = 5839372                                {pd product} {ergonomic}
    uintx NonProfiledCodeHeapSize                  = 122909434                              {pd product} {ergonomic}
   size_t OldSize                                  = 70254592                                  {product} {ergonomic}
    uintx ProfiledCodeHeapSize                     = 122909434                              {pd product} {ergonomic}
    uintx ReservedCodeCacheSize                    = 251658240                              {pd product} {ergonomic}
     bool SegmentedCodeCache                       = true                                      {product} {ergonomic}
   size_t SoftMaxHeapSize                          = 1073741824                             {manageable} {ergonomic}
     bool UseCompressedOops                        = true                           {product lp64_product} {ergonomic}
     bool UseLargePagesIndividualAllocation        = false                                  {pd product} {ergonomic}
     bool UseParallelGC                            = true                                      {product} {command line}

Logging:
Log output configuration:
 #0: stdout all=off uptime,level,tags foldmultilines=false
 #1: stderr all=off uptime,level,tags foldmultilines=false

Environment Variables:
JAVA_HOME=C:\Program Files\Java\jdk-20
PATH=C:\Program Files\Common Files\Oracle\Java\javapath;C:\windows\system32;C:\windows;C:\windows\System32\Wbem;C:\windows\System32\WindowsPowerShell\v1.0\;C:\windows\System32\OpenSSH\;C:\Program Files (x86)\NVIDIA Corporation\PhysX\Common;C:\Program Files\NVIDIA Corporation\NVIDIA NvDLISR;C:\MinGW\bin;C:\Program Files\Java\jdk-20\bin;C:\WINDOWS\system32;C:\WINDOWS;C:\WINDOWS\System32\Wbem;C:\WINDOWS\System32\WindowsPowerShell\v1.0\;C:\WINDOWS\System32\OpenSSH\;C:\Program Files\Git\cmd;C:\ProgramData\chocolatey\bin;C:\Program Files\HP\HP One Agent;C:\Program Files\Microsoft SQL Server\150\Tools\Binn\;C:\Program Files\Microsoft SQL Server\Client SDK\ODBC\170\Tools\Binn\;C:\Program Files\nodejs\;C:\Program Files (x86)\Microsoft SQL Server\160\Tools\Binn\;C:\Program Files\Microsoft SQL Server\160\Tools\Binn\;C:\Program Files\Microsoft SQL Server\160\DTS\Binn\;C:\Program Files (x86)\Microsoft SQL Server\160\DTS\Binn\;C:\Program Files\dotnet\;C:\Program Files\Go\bin;C:\Users\Disha\anaconda3;C:\Users\Disha\anaconda3\Library\mingw-w64\bin;C:\Users\Disha\anaconda3\Library\usr\bin;C:\Users\Disha\anaconda3\Library\bin;C:\Users\Disha\anaconda3\Scripts;C:\Users\Disha\AppData\Local\Programs\Python\Python312\Scripts\;C:\Users\Disha\AppData\Local\Programs\Python\Python312\;C:\Users\Disha\AppData\Local\Programs\Python\Launcher\;C:\Program Files\Common Files\Oracle\Java\javapath;C:\windows\system32;C:\windows;C:\windows\System32\Wbem;C:\windows\System32\WindowsPowerShell\v1.0\;C:\windows\System32\OpenSSH\;C:\Program Files (x86)\NVIDIA Corporation\PhysX\Common;C:\Program Files\NVIDIA Corporation\NVIDIA NvDLISR;C:\MinGW\bin;C:\Program Files\Java\jdk-19\bin;C:\WINDOWS\system32;C:\WINDOWS;C:\WINDOWS\System32\Wbem;C:\WINDOWS\System32\WindowsPowerShell\v1.0\;C:\WINDOWS\System32\OpenSSH\;C:\Program Files\Git\cmd;C:\Program Files (x86)\Windows Kits\10\Windows Performance Toolkit\;C:\Program Files\nodejs\;C:\Users\Disha\AppData\Local\Microsoft\WindowsApps;C:\Users\Disha\AppData\Local\Programs\Microsoft VS Code\bin;C:\MinGW\mingw32\bin;C:\Program Files\JetBrains\IntelliJ IDEA Community Edition 2023.1.2\bin;C:\Python34\Scripts;C:\dart-sdk\bin;C:\Users\Disha\.dotnet\tools;C:\Program Files\Apache\Maven\apache-maven-3.9.8\bin;C:\flutter\bin;C:\Program Files\Java\jdk-20\bin;C:\Users\Disha\AppData\Local\Pub\Cache\bin;C:\Users\Disha\AppData\Roaming\npm;C:\Users\Disha\go\bin
USERNAME=Disha
OS=Windows_NT
PROCESSOR_IDENTIFIER=Intel64 Family 6 Model 154 Stepping 4, GenuineIntel
TMP=C:\Users\Disha\AppData\Local\Temp
TEMP=C:\Users\Disha\AppData\Local\Temp




Periodic native trim disabled

---------------  S Y S T E M  ---------------

OS:
 Windows 11 , 64 bit Build 22621 (10.0.22621.4391)
OS uptime: 10 days 15:36 hours

CPU: total 12 (initial active 12) (12 cores per cpu, 1 threads per core) family 6 model 154 stepping 4 microcode 0x432, cx8, cmov, fxsr, mmx, 3dnowpref, sse, sse2, sse3, ssse3, sse4.1, sse4.2, popcnt, lzcnt, tsc, tscinvbit, avx, avx2, aes, erms, clmul, bmi1, bmi2, adx, sha, fma, vzeroupper, clflush, clflushopt, clwb, serialize, rdtscp, rdpid, fsrm, f16c, pku, cet_ibt, cet_ss
Processor Information for processor 0
  Max Mhz: 1300, Current Mhz: 1300, Mhz Limit: 1300
Processor Information for processor 1
  Max Mhz: 1300, Current Mhz: 1300, Mhz Limit: 1300
Processor Information for processor 2
  Max Mhz: 1300, Current Mhz: 1300, Mhz Limit: 1300
Processor Information for processor 3
  Max Mhz: 1300, Current Mhz: 1300, Mhz Limit: 1300
Processor Information for processor 4
  Max Mhz: 1300, Current Mhz: 900, Mhz Limit: 897
Processor Information for processor 5
  Max Mhz: 1300, Current Mhz: 900, Mhz Limit: 897
Processor Information for processor 6
  Max Mhz: 1300, Current Mhz: 900, Mhz Limit: 897
Processor Information for processor 7
  Max Mhz: 1300, Current Mhz: 900, Mhz Limit: 897
Processor Information for processor 8
  Max Mhz: 1300, Current Mhz: 900, Mhz Limit: 897
Processor Information for processor 9
  Max Mhz: 1300, Current Mhz: 900, Mhz Limit: 897
Processor Information for processor 10
  Max Mhz: 1300, Current Mhz: 900, Mhz Limit: 897
Processor Information for processor 11
  Max Mhz: 1300, Current Mhz: 900, Mhz Limit: 897

Memory: 4k page, system-wide physical 16052M (2980M free)
TotalPageFile size 16052M (AvailPageFile size 9M)
current process WorkingSet (physical memory assigned to process): 827M, peak: 827M
current process commit charge ("private bytes"): 738M, peak: 970M

vm_info: OpenJDK 64-Bit Server VM (21.0.5+11-LTS) for windows-amd64 JRE (21.0.5+11-LTS), built on 2024-10-15T00:00:00Z by "admin" with MS VC++ 17.7 (VS2022)

END.
